CRITICAL - 2024-07-27 17:44:44 --> Class "Locale" not found
in SYSTEMPATH\CodeIgniter.php on line 218.
 1 FCPATH\index.php(67): CodeIgniter\CodeIgniter->initialize()
CRITICAL - 2024-07-27 17:44:44 --> Uncaught Error: Class "Locale" not found in C:\xampp\htdocs\Simasjid-CI4\system\Helpers\number_helper.php:136
Stack trace:
#0 C:\xampp\htdocs\Simasjid-CI4\system\Helpers\number_helper.php(55): format_number(14.0, 2, NULL, Array)
#1 C:\xampp\htdocs\Simasjid-CI4\system\Debug\BaseExceptionHandler.php(145): number_to_size(14.0, 2)
#2 C:\xampp\htdocs\Simasjid-CI4\app\Views\errors\html\error_exception.php(361): CodeIgniter\Debug\BaseExceptionHandler::describeMemory(14680064)
#3 C:\xampp\htdocs\Simasjid-CI4\system\Debug\BaseExceptionHandler.php(241): include('C:\\xampp\\htdocs...')
#4 C:\xampp\htdocs\Simasjid-CI4\system\Debug\BaseExceptionHandler.php(244): CodeIgniter\Debug\BaseExceptionHandler->CodeIgniter\Debug\{closure}()
#5 C:\xampp\htdocs\Simasjid-CI4\system\Debug\ExceptionHandler.php(112): CodeIgniter\Debug\BaseExceptionHandler->render(Object(Error), 500, 'C:\\xampp\\htdocs...')
#6 C:\xampp\htdocs\Simasjid-CI4\system\Debug\Exceptions.php(149): CodeIgniter\Debug\ExceptionHandler->handle(Object(Error), Object(CodeIgniter\HTTP\IncomingRequest), Object(CodeIgniter\HTTP\Response), 500, 1)
#7 [internal function]: CodeIgniter\Debug\Exceptions->exceptionHandler(Object(Error))
#8 {main}
  thrown
【Previous Exception】
Error
Class "Locale" not found
#0 C:\xampp\htdocs\Simasjid-CI4\public\index.php(67): CodeIgniter\CodeIgniter->initialize()
#1 {main}
in SYSTEMPATH\Helpers\number_helper.php on line 136.
 1 [internal function]: CodeIgniter\Debug\Exceptions->shutdownHandler()
CRITICAL - 2024-07-27 17:59:42 --> Class "Locale" not found
in SYSTEMPATH\CodeIgniter.php on line 218.
 1 FCPATH\index.php(67): CodeIgniter\CodeIgniter->initialize()
CRITICAL - 2024-07-27 17:59:42 --> Uncaught Error: Class "Locale" not found in C:\xampp\htdocs\Simasjid-CI4\system\Helpers\number_helper.php:136
Stack trace:
#0 C:\xampp\htdocs\Simasjid-CI4\system\Helpers\number_helper.php(55): format_number(14.0, 2, NULL, Array)
#1 C:\xampp\htdocs\Simasjid-CI4\system\Debug\BaseExceptionHandler.php(145): number_to_size(14.0, 2)
#2 C:\xampp\htdocs\Simasjid-CI4\app\Views\errors\html\error_exception.php(361): CodeIgniter\Debug\BaseExceptionHandler::describeMemory(14680064)
#3 C:\xampp\htdocs\Simasjid-CI4\system\Debug\BaseExceptionHandler.php(241): include('C:\\xampp\\htdocs...')
#4 C:\xampp\htdocs\Simasjid-CI4\system\Debug\BaseExceptionHandler.php(244): CodeIgniter\Debug\BaseExceptionHandler->CodeIgniter\Debug\{closure}()
#5 C:\xampp\htdocs\Simasjid-CI4\system\Debug\ExceptionHandler.php(112): CodeIgniter\Debug\BaseExceptionHandler->render(Object(Error), 500, 'C:\\xampp\\htdocs...')
#6 C:\xampp\htdocs\Simasjid-CI4\system\Debug\Exceptions.php(149): CodeIgniter\Debug\ExceptionHandler->handle(Object(Error), Object(CodeIgniter\HTTP\IncomingRequest), Object(CodeIgniter\HTTP\Response), 500, 1)
#7 [internal function]: CodeIgniter\Debug\Exceptions->exceptionHandler(Object(Error))
#8 {main}
  thrown
【Previous Exception】
Error
Class "Locale" not found
#0 C:\xampp\htdocs\Simasjid-CI4\public\index.php(67): CodeIgniter\CodeIgniter->initialize()
#1 {main}
in SYSTEMPATH\Helpers\number_helper.php on line 136.
 1 [internal function]: CodeIgniter\Debug\Exceptions->shutdownHandler()
CRITICAL - 2024-07-27 17:59:44 --> Class "Locale" not found
in SYSTEMPATH\CodeIgniter.php on line 218.
 1 FCPATH\index.php(67): CodeIgniter\CodeIgniter->initialize()
CRITICAL - 2024-07-27 17:59:45 --> Uncaught Error: Class "Locale" not found in C:\xampp\htdocs\Simasjid-CI4\system\Helpers\number_helper.php:136
Stack trace:
#0 C:\xampp\htdocs\Simasjid-CI4\system\Helpers\number_helper.php(55): format_number(12.0, 2, NULL, Array)
#1 C:\xampp\htdocs\Simasjid-CI4\system\Debug\BaseExceptionHandler.php(145): number_to_size(12.0, 2)
#2 C:\xampp\htdocs\Simasjid-CI4\app\Views\errors\html\error_exception.php(361): CodeIgniter\Debug\BaseExceptionHandler::describeMemory(12582912)
#3 C:\xampp\htdocs\Simasjid-CI4\system\Debug\BaseExceptionHandler.php(241): include('C:\\xampp\\htdocs...')
#4 C:\xampp\htdocs\Simasjid-CI4\system\Debug\BaseExceptionHandler.php(244): CodeIgniter\Debug\BaseExceptionHandler->CodeIgniter\Debug\{closure}()
#5 C:\xampp\htdocs\Simasjid-CI4\system\Debug\ExceptionHandler.php(112): CodeIgniter\Debug\BaseExceptionHandler->render(Object(Error), 500, 'C:\\xampp\\htdocs...')
#6 C:\xampp\htdocs\Simasjid-CI4\system\Debug\Exceptions.php(149): CodeIgniter\Debug\ExceptionHandler->handle(Object(Error), Object(CodeIgniter\HTTP\IncomingRequest), Object(CodeIgniter\HTTP\Response), 500, 1)
#7 [internal function]: CodeIgniter\Debug\Exceptions->exceptionHandler(Object(Error))
#8 {main}
  thrown
【Previous Exception】
Error
Class "Locale" not found
#0 C:\xampp\htdocs\Simasjid-CI4\public\index.php(67): CodeIgniter\CodeIgniter->initialize()
#1 {main}
in SYSTEMPATH\Helpers\number_helper.php on line 136.
 1 [internal function]: CodeIgniter\Debug\Exceptions->shutdownHandler()
CRITICAL - 2024-07-27 18:37:53 --> Class "Locale" not found
in SYSTEMPATH\CodeIgniter.php on line 218.
 1 FCPATH\index.php(67): CodeIgniter\CodeIgniter->initialize()
CRITICAL - 2024-07-27 18:37:53 --> Uncaught Error: Class "Locale" not found in C:\xampp\htdocs\Simasjid-CI4\system\Helpers\number_helper.php:136
Stack trace:
#0 C:\xampp\htdocs\Simasjid-CI4\system\Helpers\number_helper.php(55): format_number(14.0, 2, NULL, Array)
#1 C:\xampp\htdocs\Simasjid-CI4\system\Debug\BaseExceptionHandler.php(145): number_to_size(14.0, 2)
#2 C:\xampp\htdocs\Simasjid-CI4\app\Views\errors\html\error_exception.php(361): CodeIgniter\Debug\BaseExceptionHandler::describeMemory(14680064)
#3 C:\xampp\htdocs\Simasjid-CI4\system\Debug\BaseExceptionHandler.php(241): include('C:\\xampp\\htdocs...')
#4 C:\xampp\htdocs\Simasjid-CI4\system\Debug\BaseExceptionHandler.php(244): CodeIgniter\Debug\BaseExceptionHandler->CodeIgniter\Debug\{closure}()
#5 C:\xampp\htdocs\Simasjid-CI4\system\Debug\ExceptionHandler.php(112): CodeIgniter\Debug\BaseExceptionHandler->render(Object(Error), 500, 'C:\\xampp\\htdocs...')
#6 C:\xampp\htdocs\Simasjid-CI4\system\Debug\Exceptions.php(149): CodeIgniter\Debug\ExceptionHandler->handle(Object(Error), Object(CodeIgniter\HTTP\IncomingRequest), Object(CodeIgniter\HTTP\Response), 500, 1)
#7 [internal function]: CodeIgniter\Debug\Exceptions->exceptionHandler(Object(Error))
#8 {main}
  thrown
【Previous Exception】
Error
Class "Locale" not found
#0 C:\xampp\htdocs\Simasjid-CI4\public\index.php(67): CodeIgniter\CodeIgniter->initialize()
#1 {main}
in SYSTEMPATH\Helpers\number_helper.php on line 136.
 1 [internal function]: CodeIgniter\Debug\Exceptions->shutdownHandler()
INFO - 2024-07-27 23:40:41 --> Session: Class initialized using 'CodeIgniter\Session\Handlers\FileHandler' driver.
ERROR - 2024-07-27 23:41:23 --> mysqli_sql_exception: Table 'db-simasjid-ci4.tbl_user' doesn't exist in C:\xampp\htdocs\Simasjid-CI4\system\Database\MySQLi\Connection.php:306
Stack trace:
#0 C:\xampp\htdocs\Simasjid-CI4\system\Database\MySQLi\Connection.php(306): mysqli->query('SELECT 1\nFROM `...', 0)
#1 C:\xampp\htdocs\Simasjid-CI4\system\Database\BaseConnection.php(693): CodeIgniter\Database\MySQLi\Connection->execute('SELECT 1\nFROM `...')
#2 C:\xampp\htdocs\Simasjid-CI4\system\Database\BaseConnection.php(607): CodeIgniter\Database\BaseConnection->simpleQuery('SELECT 1\nFROM `...')
#3 C:\xampp\htdocs\Simasjid-CI4\system\Database\BaseBuilder.php(1615): CodeIgniter\Database\BaseConnection->query('SELECT 1\nFROM `...', Array, false)
#4 C:\xampp\htdocs\Simasjid-CI4\system\Validation\StrictRules\Rules.php(212): CodeIgniter\Database\BaseBuilder->get()
#5 C:\xampp\htdocs\Simasjid-CI4\system\Validation\Validation.php(311): CodeIgniter\Validation\StrictRules\Rules->is_unique('rizqisetiawan48...', 'email', Array, NULL, 'email')
#6 C:\xampp\htdocs\Simasjid-CI4\system\Validation\Validation.php(197): CodeIgniter\Validation\Validation->processRules('email', 'email', 'rizqisetiawan48...', Array, Array)
#7 C:\xampp\htdocs\Simasjid-CI4\app\Controllers\Login.php(39): CodeIgniter\Validation\Validation->run()
#8 C:\xampp\htdocs\Simasjid-CI4\system\CodeIgniter.php(942): App\Controllers\Login->register()
#9 C:\xampp\htdocs\Simasjid-CI4\system\CodeIgniter.php(502): CodeIgniter\CodeIgniter->runController(Object(App\Controllers\Login))
#10 C:\xampp\htdocs\Simasjid-CI4\system\CodeIgniter.php(361): CodeIgniter\CodeIgniter->handleRequest(NULL, Object(Config\Cache), false)
#11 C:\xampp\htdocs\Simasjid-CI4\public\index.php(79): CodeIgniter\CodeIgniter->run()
#12 {main}
CRITICAL - 2024-07-27 23:41:23 --> Table 'db-simasjid-ci4.tbl_user' doesn't exist
in SYSTEMPATH\Database\BaseConnection.php on line 647.
 1 SYSTEMPATH\Database\BaseBuilder.php(1615): CodeIgniter\Database\BaseConnection->query('SELECT 1
FROM `tbl_user`
WHERE `email` = :email:
 LIMIT 1', [...], false)
 2 SYSTEMPATH\Validation\StrictRules\Rules.php(212): CodeIgniter\Database\BaseBuilder->get()
 3 SYSTEMPATH\Validation\Validation.php(311): CodeIgniter\Validation\StrictRules\Rules->is_unique('rizqisetiawan488@gmail.com', 'email', [...], null, 'email')
 4 SYSTEMPATH\Validation\Validation.php(197): CodeIgniter\Validation\Validation->processRules('email', 'email', 'rizqisetiawan488@gmail.com', [...], [...])
 5 APPPATH\Controllers\Login.php(39): CodeIgniter\Validation\Validation->run()
 6 SYSTEMPATH\CodeIgniter.php(942): App\Controllers\Login->register()
 7 SYSTEMPATH\CodeIgniter.php(502): CodeIgniter\CodeIgniter->runController(Object(App\Controllers\Login))
 8 SYSTEMPATH\CodeIgniter.php(361): CodeIgniter\CodeIgniter->handleRequest(null, Object(Config\Cache), false)
 9 FCPATH\index.php(79): CodeIgniter\CodeIgniter->run()
INFO - 2024-07-27 23:45:12 --> Session: Class initialized using 'CodeIgniter\Session\Handlers\FileHandler' driver.
INFO - 2024-07-27 23:45:12 --> Session: Class initialized using 'CodeIgniter\Session\Handlers\FileHandler' driver.
INFO - 2024-07-27 23:46:43 --> Session: Class initialized using 'CodeIgniter\Session\Handlers\FileHandler' driver.
INFO - 2024-07-27 23:46:44 --> Session: Class initialized using 'CodeIgniter\Session\Handlers\FileHandler' driver.
INFO - 2024-07-27 23:49:31 --> Session: Class initialized using 'CodeIgniter\Session\Handlers\FileHandler' driver.
INFO - 2024-07-27 23:49:31 --> Session: Class initialized using 'CodeIgniter\Session\Handlers\FileHandler' driver.
ERROR - 2024-07-27 23:49:31 --> mysqli_sql_exception: Table 'db-simasjid-ci4.tbl_dana_kegiatan' doesn't exist in C:\xampp\htdocs\Simasjid-CI4\system\Database\MySQLi\Connection.php:306
Stack trace:
#0 C:\xampp\htdocs\Simasjid-CI4\system\Database\MySQLi\Connection.php(306): mysqli->query('SELECT `A`.`nam...', 0)
#1 C:\xampp\htdocs\Simasjid-CI4\system\Database\BaseConnection.php(693): CodeIgniter\Database\MySQLi\Connection->execute('SELECT `A`.`nam...')
#2 C:\xampp\htdocs\Simasjid-CI4\system\Database\BaseConnection.php(607): CodeIgniter\Database\BaseConnection->simpleQuery('SELECT `A`.`nam...')
#3 C:\xampp\htdocs\Simasjid-CI4\system\Database\BaseBuilder.php(1615): CodeIgniter\Database\BaseConnection->query('SELECT `A`.`nam...', Array, false)
#4 C:\xampp\htdocs\Simasjid-CI4\app\Models\ModelAgenda.php(112): CodeIgniter\Database\BaseBuilder->get()
#5 C:\xampp\htdocs\Simasjid-CI4\app\Controllers\Admin.php(46): App\Models\ModelAgenda->getTotalPemasukanDanPengeluaranPerBulan()
#6 C:\xampp\htdocs\Simasjid-CI4\system\CodeIgniter.php(942): App\Controllers\Admin->index()
#7 C:\xampp\htdocs\Simasjid-CI4\system\CodeIgniter.php(502): CodeIgniter\CodeIgniter->runController(Object(App\Controllers\Admin))
#8 C:\xampp\htdocs\Simasjid-CI4\system\CodeIgniter.php(361): CodeIgniter\CodeIgniter->handleRequest(NULL, Object(Config\Cache), false)
#9 C:\xampp\htdocs\Simasjid-CI4\public\index.php(79): CodeIgniter\CodeIgniter->run()
#10 {main}
CRITICAL - 2024-07-27 23:49:31 --> Table 'db-simasjid-ci4.tbl_dana_kegiatan' doesn't exist
in SYSTEMPATH\Database\BaseConnection.php on line 647.
 1 SYSTEMPATH\Database\BaseBuilder.php(1615): CodeIgniter\Database\BaseConnection->query('SELECT `A`.`nama_kegiatan` AS `kegiatan`, `A`.`id_agenda`, SUM(D.pemasukan) AS total_pemasukan, SUM(D.pengeluaran) AS total_pengeluaran
FROM `tbl_dana_kegiatan` `D`
JOIN `tbl_agenda` `A` ON `D`.`id_agenda` = `A`.`id_agenda`
GROUP BY `A`.`id_agenda`, `A`.`nama_kegiatan`
ORDER BY `A`.`id_agenda` DESC', [], false)
 2 APPPATH\Models\ModelAgenda.php(112): CodeIgniter\Database\BaseBuilder->get()
 3 APPPATH\Controllers\Admin.php(46): App\Models\ModelAgenda->getTotalPemasukanDanPengeluaranPerBulan()
 4 SYSTEMPATH\CodeIgniter.php(942): App\Controllers\Admin->index()
 5 SYSTEMPATH\CodeIgniter.php(502): CodeIgniter\CodeIgniter->runController(Object(App\Controllers\Admin))
 6 SYSTEMPATH\CodeIgniter.php(361): CodeIgniter\CodeIgniter->handleRequest(null, Object(Config\Cache), false)
 7 FCPATH\index.php(79): CodeIgniter\CodeIgniter->run()
INFO - 2024-07-27 23:51:20 --> Session: Class initialized using 'CodeIgniter\Session\Handlers\FileHandler' driver.
ERROR - 2024-07-27 23:51:20 --> mysqli_sql_exception: Table 'db-simasjid-ci4.tbl_kas_sosial' doesn't exist in C:\xampp\htdocs\Simasjid-CI4\system\Database\MySQLi\Connection.php:306
Stack trace:
#0 C:\xampp\htdocs\Simasjid-CI4\system\Database\MySQLi\Connection.php(306): mysqli->query('SELECT *\nFROM `...', 0)
#1 C:\xampp\htdocs\Simasjid-CI4\system\Database\BaseConnection.php(693): CodeIgniter\Database\MySQLi\Connection->execute('SELECT *\nFROM `...')
#2 C:\xampp\htdocs\Simasjid-CI4\system\Database\BaseConnection.php(607): CodeIgniter\Database\BaseConnection->simpleQuery('SELECT *\nFROM `...')
#3 C:\xampp\htdocs\Simasjid-CI4\system\Database\BaseBuilder.php(1615): CodeIgniter\Database\BaseConnection->query('SELECT *\nFROM `...', Array, false)
#4 C:\xampp\htdocs\Simasjid-CI4\app\Models\ModelKasSosial.php(12): CodeIgniter\Database\BaseBuilder->get()
#5 C:\xampp\htdocs\Simasjid-CI4\app\Controllers\Admin.php(47): App\Models\ModelKasSosial->AllData()
#6 C:\xampp\htdocs\Simasjid-CI4\system\CodeIgniter.php(942): App\Controllers\Admin->index()
#7 C:\xampp\htdocs\Simasjid-CI4\system\CodeIgniter.php(502): CodeIgniter\CodeIgniter->runController(Object(App\Controllers\Admin))
#8 C:\xampp\htdocs\Simasjid-CI4\system\CodeIgniter.php(361): CodeIgniter\CodeIgniter->handleRequest(NULL, Object(Config\Cache), false)
#9 C:\xampp\htdocs\Simasjid-CI4\public\index.php(79): CodeIgniter\CodeIgniter->run()
#10 {main}
CRITICAL - 2024-07-27 23:51:20 --> Table 'db-simasjid-ci4.tbl_kas_sosial' doesn't exist
in SYSTEMPATH\Database\BaseConnection.php on line 647.
 1 SYSTEMPATH\Database\BaseBuilder.php(1615): CodeIgniter\Database\BaseConnection->query('SELECT *
FROM `tbl_kas_sosial`', [], false)
 2 APPPATH\Models\ModelKasSosial.php(12): CodeIgniter\Database\BaseBuilder->get()
 3 APPPATH\Controllers\Admin.php(47): App\Models\ModelKasSosial->AllData()
 4 SYSTEMPATH\CodeIgniter.php(942): App\Controllers\Admin->index()
 5 SYSTEMPATH\CodeIgniter.php(502): CodeIgniter\CodeIgniter->runController(Object(App\Controllers\Admin))
 6 SYSTEMPATH\CodeIgniter.php(361): CodeIgniter\CodeIgniter->handleRequest(null, Object(Config\Cache), false)
 7 FCPATH\index.php(79): CodeIgniter\CodeIgniter->run()
INFO - 2024-07-27 23:52:13 --> Session: Class initialized using 'CodeIgniter\Session\Handlers\FileHandler' driver.
ERROR - 2024-07-27 23:52:13 --> mysqli_sql_exception: Table 'db-simasjid-ci4.tbl_kas_sosial' doesn't exist in C:\xampp\htdocs\Simasjid-CI4\system\Database\MySQLi\Connection.php:306
Stack trace:
#0 C:\xampp\htdocs\Simasjid-CI4\system\Database\MySQLi\Connection.php(306): mysqli->query('SELECT *\nFROM `...', 0)
#1 C:\xampp\htdocs\Simasjid-CI4\system\Database\BaseConnection.php(693): CodeIgniter\Database\MySQLi\Connection->execute('SELECT *\nFROM `...')
#2 C:\xampp\htdocs\Simasjid-CI4\system\Database\BaseConnection.php(607): CodeIgniter\Database\BaseConnection->simpleQuery('SELECT *\nFROM `...')
#3 C:\xampp\htdocs\Simasjid-CI4\system\Database\BaseBuilder.php(1615): CodeIgniter\Database\BaseConnection->query('SELECT *\nFROM `...', Array, false)
#4 C:\xampp\htdocs\Simasjid-CI4\app\Models\ModelKasSosial.php(12): CodeIgniter\Database\BaseBuilder->get()
#5 C:\xampp\htdocs\Simasjid-CI4\app\Controllers\Admin.php(47): App\Models\ModelKasSosial->AllData()
#6 C:\xampp\htdocs\Simasjid-CI4\system\CodeIgniter.php(942): App\Controllers\Admin->index()
#7 C:\xampp\htdocs\Simasjid-CI4\system\CodeIgniter.php(502): CodeIgniter\CodeIgniter->runController(Object(App\Controllers\Admin))
#8 C:\xampp\htdocs\Simasjid-CI4\system\CodeIgniter.php(361): CodeIgniter\CodeIgniter->handleRequest(NULL, Object(Config\Cache), false)
#9 C:\xampp\htdocs\Simasjid-CI4\public\index.php(79): CodeIgniter\CodeIgniter->run()
#10 {main}
CRITICAL - 2024-07-27 23:52:13 --> Table 'db-simasjid-ci4.tbl_kas_sosial' doesn't exist
in SYSTEMPATH\Database\BaseConnection.php on line 647.
 1 SYSTEMPATH\Database\BaseBuilder.php(1615): CodeIgniter\Database\BaseConnection->query('SELECT *
FROM `tbl_kas_sosial`', [], false)
 2 APPPATH\Models\ModelKasSosial.php(12): CodeIgniter\Database\BaseBuilder->get()
 3 APPPATH\Controllers\Admin.php(47): App\Models\ModelKasSosial->AllData()
 4 SYSTEMPATH\CodeIgniter.php(942): App\Controllers\Admin->index()
 5 SYSTEMPATH\CodeIgniter.php(502): CodeIgniter\CodeIgniter->runController(Object(App\Controllers\Admin))
 6 SYSTEMPATH\CodeIgniter.php(361): CodeIgniter\CodeIgniter->handleRequest(null, Object(Config\Cache), false)
 7 FCPATH\index.php(79): CodeIgniter\CodeIgniter->run()
INFO - 2024-07-27 23:52:54 --> Session: Class initialized using 'CodeIgniter\Session\Handlers\FileHandler' driver.
CRITICAL - 2024-07-27 23:52:54 --> Trying to access array offset on value of type null
in APPPATH\Views\v_template_admin.php on line 137.
 1 APPPATH\Views\v_template_admin.php(137): CodeIgniter\Debug\Exceptions->errorHandler(2, 'Trying to access array offset on value of type null', 'C:\\xampp\\htdocs\\Simasjid-CI4\\app\\Views\\v_template_admin.php', 137)
 2 SYSTEMPATH\View\View.php(228): include('C:\\xampp\\htdocs\\Simasjid-CI4\\app\\Views\\v_template_admin.php')
 3 SYSTEMPATH\View\View.php(231): CodeIgniter\View\View->CodeIgniter\View\{closure}()
 4 SYSTEMPATH\Common.php(1190): CodeIgniter\View\View->render('v_template_admin', [], true)
 5 APPPATH\Controllers\Admin.php(50): view('v_template_admin', [...])
 6 SYSTEMPATH\CodeIgniter.php(942): App\Controllers\Admin->index()
 7 SYSTEMPATH\CodeIgniter.php(502): CodeIgniter\CodeIgniter->runController(Object(App\Controllers\Admin))
 8 SYSTEMPATH\CodeIgniter.php(361): CodeIgniter\CodeIgniter->handleRequest(null, Object(Config\Cache), false)
 9 FCPATH\index.php(79): CodeIgniter\CodeIgniter->run()
INFO - 2024-07-27 23:54:05 --> Session: Class initialized using 'CodeIgniter\Session\Handlers\FileHandler' driver.
WARNING - 2024-07-27 23:54:05 --> [DEPRECATED] number_format(): Passing null to parameter #1 ($num) of type float is deprecated in APPPATH\Views\v_dashboard.php on line 88.
 1 APPPATH\Views\v_dashboard.php(88): number_format(null, 2, ',', '.')
 2 SYSTEMPATH\View\View.php(228): include('C:\\xampp\\htdocs\\Simasjid-CI4\\app\\Views\\v_dashboard.php')
 3 SYSTEMPATH\View\View.php(231): CodeIgniter\View\View->CodeIgniter\View\{closure}()
 4 SYSTEMPATH\Common.php(1190): CodeIgniter\View\View->render('v_dashboard', [], true)
 5 APPPATH\Views\v_template_admin.php(715): view('v_dashboard')
 6 SYSTEMPATH\View\View.php(228): include('C:\\xampp\\htdocs\\Simasjid-CI4\\app\\Views\\v_template_admin.php')
 7 SYSTEMPATH\View\View.php(231): CodeIgniter\View\View->CodeIgniter\View\{closure}()
 8 SYSTEMPATH\Common.php(1190): CodeIgniter\View\View->render('v_template_admin', [], true)
 9 APPPATH\Controllers\Admin.php(50): view('v_template_admin', [...])
10 SYSTEMPATH\CodeIgniter.php(942): App\Controllers\Admin->index()
11 SYSTEMPATH\CodeIgniter.php(502): CodeIgniter\CodeIgniter->runController(Object(App\Controllers\Admin))
12 SYSTEMPATH\CodeIgniter.php(361): CodeIgniter\CodeIgniter->handleRequest(null, Object(Config\Cache), false)
13 FCPATH\index.php(79): CodeIgniter\CodeIgniter->run()
CRITICAL - 2024-07-27 23:54:05 --> Undefined variable $kassosial
in APPPATH\Views\v_dashboard.php on line 206.
 1 APPPATH\Views\v_dashboard.php(206): CodeIgniter\Debug\Exceptions->errorHandler(2, 'Undefined variable $kassosial', 'C:\\xampp\\htdocs\\Simasjid-CI4\\app\\Views\\v_dashboard.php', 206)
 2 SYSTEMPATH\View\View.php(228): include('C:\\xampp\\htdocs\\Simasjid-CI4\\app\\Views\\v_dashboard.php')
 3 SYSTEMPATH\View\View.php(231): CodeIgniter\View\View->CodeIgniter\View\{closure}()
 4 SYSTEMPATH\Common.php(1190): CodeIgniter\View\View->render('v_dashboard', [], true)
 5 APPPATH\Views\v_template_admin.php(715): view('v_dashboard')
 6 SYSTEMPATH\View\View.php(228): include('C:\\xampp\\htdocs\\Simasjid-CI4\\app\\Views\\v_template_admin.php')
 7 SYSTEMPATH\View\View.php(231): CodeIgniter\View\View->CodeIgniter\View\{closure}()
 8 SYSTEMPATH\Common.php(1190): CodeIgniter\View\View->render('v_template_admin', [], true)
 9 APPPATH\Controllers\Admin.php(50): view('v_template_admin', [...])
10 SYSTEMPATH\CodeIgniter.php(942): App\Controllers\Admin->index()
11 SYSTEMPATH\CodeIgniter.php(502): CodeIgniter\CodeIgniter->runController(Object(App\Controllers\Admin))
12 SYSTEMPATH\CodeIgniter.php(361): CodeIgniter\CodeIgniter->handleRequest(null, Object(Config\Cache), false)
13 FCPATH\index.php(79): CodeIgniter\CodeIgniter->run()
INFO - 2024-07-27 23:55:16 --> Session: Class initialized using 'CodeIgniter\Session\Handlers\FileHandler' driver.
WARNING - 2024-07-27 23:55:16 --> [DEPRECATED] number_format(): Passing null to parameter #1 ($num) of type float is deprecated in APPPATH\Views\v_dashboard.php on line 88.
 1 APPPATH\Views\v_dashboard.php(88): number_format(null, 2, ',', '.')
 2 SYSTEMPATH\View\View.php(228): include('C:\\xampp\\htdocs\\Simasjid-CI4\\app\\Views\\v_dashboard.php')
 3 SYSTEMPATH\View\View.php(231): CodeIgniter\View\View->CodeIgniter\View\{closure}()
 4 SYSTEMPATH\Common.php(1190): CodeIgniter\View\View->render('v_dashboard', [], true)
 5 APPPATH\Views\v_template_admin.php(715): view('v_dashboard')
 6 SYSTEMPATH\View\View.php(228): include('C:\\xampp\\htdocs\\Simasjid-CI4\\app\\Views\\v_template_admin.php')
 7 SYSTEMPATH\View\View.php(231): CodeIgniter\View\View->CodeIgniter\View\{closure}()
 8 SYSTEMPATH\Common.php(1190): CodeIgniter\View\View->render('v_template_admin', [], true)
 9 APPPATH\Controllers\Admin.php(50): view('v_template_admin', [...])
10 SYSTEMPATH\CodeIgniter.php(942): App\Controllers\Admin->index()
11 SYSTEMPATH\CodeIgniter.php(502): CodeIgniter\CodeIgniter->runController(Object(App\Controllers\Admin))
12 SYSTEMPATH\CodeIgniter.php(361): CodeIgniter\CodeIgniter->handleRequest(null, Object(Config\Cache), false)
13 FCPATH\index.php(79): CodeIgniter\CodeIgniter->run()
INFO - 2024-07-27 23:55:21 --> Session: Class initialized using 'CodeIgniter\Session\Handlers\FileHandler' driver.
INFO - 2024-07-27 23:55:27 --> Session: Class initialized using 'CodeIgniter\Session\Handlers\FileHandler' driver.
INFO - 2024-07-27 23:55:29 --> Session: Class initialized using 'CodeIgniter\Session\Handlers\FileHandler' driver.
INFO - 2024-07-27 23:55:32 --> Session: Class initialized using 'CodeIgniter\Session\Handlers\FileHandler' driver.
INFO - 2024-07-27 23:55:35 --> Session: Class initialized using 'CodeIgniter\Session\Handlers\FileHandler' driver.
INFO - 2024-07-27 23:55:37 --> Session: Class initialized using 'CodeIgniter\Session\Handlers\FileHandler' driver.
