INFO - 2024-07-31 05:48:56 --> Session: Class initialized using 'CodeIgniter\Session\Handlers\FileHandler' driver.
INFO - 2024-07-31 05:48:57 --> Session: Class initialized using 'CodeIgniter\Session\Handlers\FileHandler' driver.
INFO - 2024-07-31 06:49:36 --> Session: Class initialized using 'CodeIgniter\Session\Handlers\FileHandler' driver.
INFO - 2024-07-31 06:49:36 --> Session: Class initialized using 'CodeIgniter\Session\Handlers\FileHandler' driver.
INFO - 2024-07-31 06:49:52 --> Session: Class initialized using 'CodeIgniter\Session\Handlers\FileHandler' driver.
INFO - 2024-07-31 06:50:01 --> Session: Class initialized using 'CodeIgniter\Session\Handlers\FileHandler' driver.
INFO - 2024-07-31 06:51:30 --> Session: Class initialized using 'CodeIgniter\Session\Handlers\FileHandler' driver.
INFO - 2024-07-31 06:51:48 --> Session: Class initialized using 'CodeIgniter\Session\Handlers\FileHandler' driver.
INFO - 2024-07-31 06:51:48 --> Session: Class initialized using 'CodeIgniter\Session\Handlers\FileHandler' driver.
INFO - 2024-07-31 06:51:54 --> Session: Class initialized using 'CodeIgniter\Session\Handlers\FileHandler' driver.
INFO - 2024-07-31 06:53:09 --> Session: Class initialized using 'CodeIgniter\Session\Handlers\FileHandler' driver.
INFO - 2024-07-31 06:53:19 --> Session: Class initialized using 'CodeIgniter\Session\Handlers\FileHandler' driver.
INFO - 2024-07-31 06:54:10 --> Session: Class initialized using 'CodeIgniter\Session\Handlers\FileHandler' driver.
INFO - 2024-07-31 06:54:11 --> Session: Class initialized using 'CodeIgniter\Session\Handlers\FileHandler' driver.
INFO - 2024-07-31 06:54:26 --> Session: Class initialized using 'CodeIgniter\Session\Handlers\FileHandler' driver.
WARNING - 2024-07-31 06:54:26 --> [DEPRECATED] htmlspecialchars(): Passing null to parameter #1 ($string) of type string is deprecated in APPPATH\Views\jamaah\v_agenda.php on line 275.
 1 APPPATH\Views\jamaah\v_agenda.php(275): htmlspecialchars(null)
 2 SYSTEMPATH\View\View.php(228): include('C:\\xampp\\htdocs\\Simasjid-CI4\\app\\Views\\jamaah\\v_agenda.php')
 3 SYSTEMPATH\View\View.php(231): CodeIgniter\View\View->CodeIgniter\View\{closure}()
 4 SYSTEMPATH\Common.php(1190): CodeIgniter\View\View->render('jamaah/v_agenda', [], true)
 5 APPPATH\Views\v_template_admin.php(715): view('jamaah/v_agenda')
 6 SYSTEMPATH\View\View.php(228): include('C:\\xampp\\htdocs\\Simasjid-CI4\\app\\Views\\v_template_admin.php')
 7 SYSTEMPATH\View\View.php(231): CodeIgniter\View\View->CodeIgniter\View\{closure}()
 8 SYSTEMPATH\Common.php(1190): CodeIgniter\View\View->render('v_template_admin', [], true)
 9 APPPATH\Controllers\Agenda.php(326): view('v_template_admin', [...])
10 SYSTEMPATH\CodeIgniter.php(942): App\Controllers\Agenda->KegiatanBerjalan()
11 SYSTEMPATH\CodeIgniter.php(502): CodeIgniter\CodeIgniter->runController(Object(App\Controllers\Agenda))
12 SYSTEMPATH\CodeIgniter.php(361): CodeIgniter\CodeIgniter->handleRequest(null, Object(Config\Cache), false)
13 FCPATH\index.php(79): CodeIgniter\CodeIgniter->run()
WARNING - 2024-07-31 06:54:26 --> [DEPRECATED] htmlspecialchars(): Passing null to parameter #1 ($string) of type string is deprecated in APPPATH\Views\jamaah\v_agenda.php on line 285.
 1 APPPATH\Views\jamaah\v_agenda.php(285): htmlspecialchars(null)
 2 SYSTEMPATH\View\View.php(228): include('C:\\xampp\\htdocs\\Simasjid-CI4\\app\\Views\\jamaah\\v_agenda.php')
 3 SYSTEMPATH\View\View.php(231): CodeIgniter\View\View->CodeIgniter\View\{closure}()
 4 SYSTEMPATH\Common.php(1190): CodeIgniter\View\View->render('jamaah/v_agenda', [], true)
 5 APPPATH\Views\v_template_admin.php(715): view('jamaah/v_agenda')
 6 SYSTEMPATH\View\View.php(228): include('C:\\xampp\\htdocs\\Simasjid-CI4\\app\\Views\\v_template_admin.php')
 7 SYSTEMPATH\View\View.php(231): CodeIgniter\View\View->CodeIgniter\View\{closure}()
 8 SYSTEMPATH\Common.php(1190): CodeIgniter\View\View->render('v_template_admin', [], true)
 9 APPPATH\Controllers\Agenda.php(326): view('v_template_admin', [...])
10 SYSTEMPATH\CodeIgniter.php(942): App\Controllers\Agenda->KegiatanBerjalan()
11 SYSTEMPATH\CodeIgniter.php(502): CodeIgniter\CodeIgniter->runController(Object(App\Controllers\Agenda))
12 SYSTEMPATH\CodeIgniter.php(361): CodeIgniter\CodeIgniter->handleRequest(null, Object(Config\Cache), false)
13 FCPATH\index.php(79): CodeIgniter\CodeIgniter->run()
WARNING - 2024-07-31 06:54:26 --> [DEPRECATED] htmlspecialchars(): Passing null to parameter #1 ($string) of type string is deprecated in APPPATH\Views\jamaah\v_agenda.php on line 275.
 1 APPPATH\Views\jamaah\v_agenda.php(275): htmlspecialchars(null)
 2 SYSTEMPATH\View\View.php(228): include('C:\\xampp\\htdocs\\Simasjid-CI4\\app\\Views\\jamaah\\v_agenda.php')
 3 SYSTEMPATH\View\View.php(231): CodeIgniter\View\View->CodeIgniter\View\{closure}()
 4 SYSTEMPATH\Common.php(1190): CodeIgniter\View\View->render('jamaah/v_agenda', [], true)
 5 APPPATH\Views\v_template_admin.php(715): view('jamaah/v_agenda')
 6 SYSTEMPATH\View\View.php(228): include('C:\\xampp\\htdocs\\Simasjid-CI4\\app\\Views\\v_template_admin.php')
 7 SYSTEMPATH\View\View.php(231): CodeIgniter\View\View->CodeIgniter\View\{closure}()
 8 SYSTEMPATH\Common.php(1190): CodeIgniter\View\View->render('v_template_admin', [], true)
 9 APPPATH\Controllers\Agenda.php(326): view('v_template_admin', [...])
10 SYSTEMPATH\CodeIgniter.php(942): App\Controllers\Agenda->KegiatanBerjalan()
11 SYSTEMPATH\CodeIgniter.php(502): CodeIgniter\CodeIgniter->runController(Object(App\Controllers\Agenda))
12 SYSTEMPATH\CodeIgniter.php(361): CodeIgniter\CodeIgniter->handleRequest(null, Object(Config\Cache), false)
13 FCPATH\index.php(79): CodeIgniter\CodeIgniter->run()
WARNING - 2024-07-31 06:54:27 --> [DEPRECATED] htmlspecialchars(): Passing null to parameter #1 ($string) of type string is deprecated in APPPATH\Views\jamaah\v_agenda.php on line 285.
 1 APPPATH\Views\jamaah\v_agenda.php(285): htmlspecialchars(null)
 2 SYSTEMPATH\View\View.php(228): include('C:\\xampp\\htdocs\\Simasjid-CI4\\app\\Views\\jamaah\\v_agenda.php')
 3 SYSTEMPATH\View\View.php(231): CodeIgniter\View\View->CodeIgniter\View\{closure}()
 4 SYSTEMPATH\Common.php(1190): CodeIgniter\View\View->render('jamaah/v_agenda', [], true)
 5 APPPATH\Views\v_template_admin.php(715): view('jamaah/v_agenda')
 6 SYSTEMPATH\View\View.php(228): include('C:\\xampp\\htdocs\\Simasjid-CI4\\app\\Views\\v_template_admin.php')
 7 SYSTEMPATH\View\View.php(231): CodeIgniter\View\View->CodeIgniter\View\{closure}()
 8 SYSTEMPATH\Common.php(1190): CodeIgniter\View\View->render('v_template_admin', [], true)
 9 APPPATH\Controllers\Agenda.php(326): view('v_template_admin', [...])
10 SYSTEMPATH\CodeIgniter.php(942): App\Controllers\Agenda->KegiatanBerjalan()
11 SYSTEMPATH\CodeIgniter.php(502): CodeIgniter\CodeIgniter->runController(Object(App\Controllers\Agenda))
12 SYSTEMPATH\CodeIgniter.php(361): CodeIgniter\CodeIgniter->handleRequest(null, Object(Config\Cache), false)
13 FCPATH\index.php(79): CodeIgniter\CodeIgniter->run()
WARNING - 2024-07-31 06:54:27 --> [DEPRECATED] htmlspecialchars(): Passing null to parameter #1 ($string) of type string is deprecated in APPPATH\Views\jamaah\v_agenda.php on line 275.
 1 APPPATH\Views\jamaah\v_agenda.php(275): htmlspecialchars(null)
 2 SYSTEMPATH\View\View.php(228): include('C:\\xampp\\htdocs\\Simasjid-CI4\\app\\Views\\jamaah\\v_agenda.php')
 3 SYSTEMPATH\View\View.php(231): CodeIgniter\View\View->CodeIgniter\View\{closure}()
 4 SYSTEMPATH\Common.php(1190): CodeIgniter\View\View->render('jamaah/v_agenda', [], true)
 5 APPPATH\Views\v_template_admin.php(715): view('jamaah/v_agenda')
 6 SYSTEMPATH\View\View.php(228): include('C:\\xampp\\htdocs\\Simasjid-CI4\\app\\Views\\v_template_admin.php')
 7 SYSTEMPATH\View\View.php(231): CodeIgniter\View\View->CodeIgniter\View\{closure}()
 8 SYSTEMPATH\Common.php(1190): CodeIgniter\View\View->render('v_template_admin', [], true)
 9 APPPATH\Controllers\Agenda.php(326): view('v_template_admin', [...])
10 SYSTEMPATH\CodeIgniter.php(942): App\Controllers\Agenda->KegiatanBerjalan()
11 SYSTEMPATH\CodeIgniter.php(502): CodeIgniter\CodeIgniter->runController(Object(App\Controllers\Agenda))
12 SYSTEMPATH\CodeIgniter.php(361): CodeIgniter\CodeIgniter->handleRequest(null, Object(Config\Cache), false)
13 FCPATH\index.php(79): CodeIgniter\CodeIgniter->run()
WARNING - 2024-07-31 06:54:27 --> [DEPRECATED] htmlspecialchars(): Passing null to parameter #1 ($string) of type string is deprecated in APPPATH\Views\jamaah\v_agenda.php on line 285.
 1 APPPATH\Views\jamaah\v_agenda.php(285): htmlspecialchars(null)
 2 SYSTEMPATH\View\View.php(228): include('C:\\xampp\\htdocs\\Simasjid-CI4\\app\\Views\\jamaah\\v_agenda.php')
 3 SYSTEMPATH\View\View.php(231): CodeIgniter\View\View->CodeIgniter\View\{closure}()
 4 SYSTEMPATH\Common.php(1190): CodeIgniter\View\View->render('jamaah/v_agenda', [], true)
 5 APPPATH\Views\v_template_admin.php(715): view('jamaah/v_agenda')
 6 SYSTEMPATH\View\View.php(228): include('C:\\xampp\\htdocs\\Simasjid-CI4\\app\\Views\\v_template_admin.php')
 7 SYSTEMPATH\View\View.php(231): CodeIgniter\View\View->CodeIgniter\View\{closure}()
 8 SYSTEMPATH\Common.php(1190): CodeIgniter\View\View->render('v_template_admin', [], true)
 9 APPPATH\Controllers\Agenda.php(326): view('v_template_admin', [...])
10 SYSTEMPATH\CodeIgniter.php(942): App\Controllers\Agenda->KegiatanBerjalan()
11 SYSTEMPATH\CodeIgniter.php(502): CodeIgniter\CodeIgniter->runController(Object(App\Controllers\Agenda))
12 SYSTEMPATH\CodeIgniter.php(361): CodeIgniter\CodeIgniter->handleRequest(null, Object(Config\Cache), false)
13 FCPATH\index.php(79): CodeIgniter\CodeIgniter->run()
WARNING - 2024-07-31 06:54:27 --> [DEPRECATED] htmlspecialchars(): Passing null to parameter #1 ($string) of type string is deprecated in APPPATH\Views\jamaah\v_agenda.php on line 275.
 1 APPPATH\Views\jamaah\v_agenda.php(275): htmlspecialchars(null)
 2 SYSTEMPATH\View\View.php(228): include('C:\\xampp\\htdocs\\Simasjid-CI4\\app\\Views\\jamaah\\v_agenda.php')
 3 SYSTEMPATH\View\View.php(231): CodeIgniter\View\View->CodeIgniter\View\{closure}()
 4 SYSTEMPATH\Common.php(1190): CodeIgniter\View\View->render('jamaah/v_agenda', [], true)
 5 APPPATH\Views\v_template_admin.php(715): view('jamaah/v_agenda')
 6 SYSTEMPATH\View\View.php(228): include('C:\\xampp\\htdocs\\Simasjid-CI4\\app\\Views\\v_template_admin.php')
 7 SYSTEMPATH\View\View.php(231): CodeIgniter\View\View->CodeIgniter\View\{closure}()
 8 SYSTEMPATH\Common.php(1190): CodeIgniter\View\View->render('v_template_admin', [], true)
 9 APPPATH\Controllers\Agenda.php(326): view('v_template_admin', [...])
10 SYSTEMPATH\CodeIgniter.php(942): App\Controllers\Agenda->KegiatanBerjalan()
11 SYSTEMPATH\CodeIgniter.php(502): CodeIgniter\CodeIgniter->runController(Object(App\Controllers\Agenda))
12 SYSTEMPATH\CodeIgniter.php(361): CodeIgniter\CodeIgniter->handleRequest(null, Object(Config\Cache), false)
13 FCPATH\index.php(79): CodeIgniter\CodeIgniter->run()
WARNING - 2024-07-31 06:54:27 --> [DEPRECATED] htmlspecialchars(): Passing null to parameter #1 ($string) of type string is deprecated in APPPATH\Views\jamaah\v_agenda.php on line 285.
 1 APPPATH\Views\jamaah\v_agenda.php(285): htmlspecialchars(null)
 2 SYSTEMPATH\View\View.php(228): include('C:\\xampp\\htdocs\\Simasjid-CI4\\app\\Views\\jamaah\\v_agenda.php')
 3 SYSTEMPATH\View\View.php(231): CodeIgniter\View\View->CodeIgniter\View\{closure}()
 4 SYSTEMPATH\Common.php(1190): CodeIgniter\View\View->render('jamaah/v_agenda', [], true)
 5 APPPATH\Views\v_template_admin.php(715): view('jamaah/v_agenda')
 6 SYSTEMPATH\View\View.php(228): include('C:\\xampp\\htdocs\\Simasjid-CI4\\app\\Views\\v_template_admin.php')
 7 SYSTEMPATH\View\View.php(231): CodeIgniter\View\View->CodeIgniter\View\{closure}()
 8 SYSTEMPATH\Common.php(1190): CodeIgniter\View\View->render('v_template_admin', [], true)
 9 APPPATH\Controllers\Agenda.php(326): view('v_template_admin', [...])
10 SYSTEMPATH\CodeIgniter.php(942): App\Controllers\Agenda->KegiatanBerjalan()
11 SYSTEMPATH\CodeIgniter.php(502): CodeIgniter\CodeIgniter->runController(Object(App\Controllers\Agenda))
12 SYSTEMPATH\CodeIgniter.php(361): CodeIgniter\CodeIgniter->handleRequest(null, Object(Config\Cache), false)
13 FCPATH\index.php(79): CodeIgniter\CodeIgniter->run()
WARNING - 2024-07-31 06:54:27 --> [DEPRECATED] htmlspecialchars(): Passing null to parameter #1 ($string) of type string is deprecated in APPPATH\Views\jamaah\v_agenda.php on line 275.
 1 APPPATH\Views\jamaah\v_agenda.php(275): htmlspecialchars(null)
 2 SYSTEMPATH\View\View.php(228): include('C:\\xampp\\htdocs\\Simasjid-CI4\\app\\Views\\jamaah\\v_agenda.php')
 3 SYSTEMPATH\View\View.php(231): CodeIgniter\View\View->CodeIgniter\View\{closure}()
 4 SYSTEMPATH\Common.php(1190): CodeIgniter\View\View->render('jamaah/v_agenda', [], true)
 5 APPPATH\Views\v_template_admin.php(715): view('jamaah/v_agenda')
 6 SYSTEMPATH\View\View.php(228): include('C:\\xampp\\htdocs\\Simasjid-CI4\\app\\Views\\v_template_admin.php')
 7 SYSTEMPATH\View\View.php(231): CodeIgniter\View\View->CodeIgniter\View\{closure}()
 8 SYSTEMPATH\Common.php(1190): CodeIgniter\View\View->render('v_template_admin', [], true)
 9 APPPATH\Controllers\Agenda.php(326): view('v_template_admin', [...])
10 SYSTEMPATH\CodeIgniter.php(942): App\Controllers\Agenda->KegiatanBerjalan()
11 SYSTEMPATH\CodeIgniter.php(502): CodeIgniter\CodeIgniter->runController(Object(App\Controllers\Agenda))
12 SYSTEMPATH\CodeIgniter.php(361): CodeIgniter\CodeIgniter->handleRequest(null, Object(Config\Cache), false)
13 FCPATH\index.php(79): CodeIgniter\CodeIgniter->run()
WARNING - 2024-07-31 06:54:27 --> [DEPRECATED] htmlspecialchars(): Passing null to parameter #1 ($string) of type string is deprecated in APPPATH\Views\jamaah\v_agenda.php on line 285.
 1 APPPATH\Views\jamaah\v_agenda.php(285): htmlspecialchars(null)
 2 SYSTEMPATH\View\View.php(228): include('C:\\xampp\\htdocs\\Simasjid-CI4\\app\\Views\\jamaah\\v_agenda.php')
 3 SYSTEMPATH\View\View.php(231): CodeIgniter\View\View->CodeIgniter\View\{closure}()
 4 SYSTEMPATH\Common.php(1190): CodeIgniter\View\View->render('jamaah/v_agenda', [], true)
 5 APPPATH\Views\v_template_admin.php(715): view('jamaah/v_agenda')
 6 SYSTEMPATH\View\View.php(228): include('C:\\xampp\\htdocs\\Simasjid-CI4\\app\\Views\\v_template_admin.php')
 7 SYSTEMPATH\View\View.php(231): CodeIgniter\View\View->CodeIgniter\View\{closure}()
 8 SYSTEMPATH\Common.php(1190): CodeIgniter\View\View->render('v_template_admin', [], true)
 9 APPPATH\Controllers\Agenda.php(326): view('v_template_admin', [...])
10 SYSTEMPATH\CodeIgniter.php(942): App\Controllers\Agenda->KegiatanBerjalan()
11 SYSTEMPATH\CodeIgniter.php(502): CodeIgniter\CodeIgniter->runController(Object(App\Controllers\Agenda))
12 SYSTEMPATH\CodeIgniter.php(361): CodeIgniter\CodeIgniter->handleRequest(null, Object(Config\Cache), false)
13 FCPATH\index.php(79): CodeIgniter\CodeIgniter->run()
INFO - 2024-07-31 06:54:28 --> Session: Class initialized using 'CodeIgniter\Session\Handlers\FileHandler' driver.
INFO - 2024-07-31 06:54:29 --> Session: Class initialized using 'CodeIgniter\Session\Handlers\FileHandler' driver.
INFO - 2024-07-31 06:54:30 --> Session: Class initialized using 'CodeIgniter\Session\Handlers\FileHandler' driver.
INFO - 2024-07-31 06:54:30 --> Session: Class initialized using 'CodeIgniter\Session\Handlers\FileHandler' driver.
INFO - 2024-07-31 06:54:30 --> Session: Class initialized using 'CodeIgniter\Session\Handlers\FileHandler' driver.
INFO - 2024-07-31 06:54:31 --> Session: Class initialized using 'CodeIgniter\Session\Handlers\FileHandler' driver.
INFO - 2024-07-31 06:54:31 --> Session: Class initialized using 'CodeIgniter\Session\Handlers\FileHandler' driver.
INFO - 2024-07-31 06:54:31 --> Session: Class initialized using 'CodeIgniter\Session\Handlers\FileHandler' driver.
INFO - 2024-07-31 06:54:32 --> Session: Class initialized using 'CodeIgniter\Session\Handlers\FileHandler' driver.
INFO - 2024-07-31 06:54:32 --> Session: Class initialized using 'CodeIgniter\Session\Handlers\FileHandler' driver.
INFO - 2024-07-31 06:55:14 --> Session: Class initialized using 'CodeIgniter\Session\Handlers\FileHandler' driver.
INFO - 2024-07-31 06:55:49 --> Session: Class initialized using 'CodeIgniter\Session\Handlers\FileHandler' driver.
INFO - 2024-07-31 06:55:57 --> Session: Class initialized using 'CodeIgniter\Session\Handlers\FileHandler' driver.
WARNING - 2024-07-31 06:55:57 --> [DEPRECATED] htmlspecialchars(): Passing null to parameter #1 ($string) of type string is deprecated in APPPATH\Views\jamaah\v_agenda.php on line 275.
 1 APPPATH\Views\jamaah\v_agenda.php(275): htmlspecialchars(null)
 2 SYSTEMPATH\View\View.php(228): include('C:\\xampp\\htdocs\\Simasjid-CI4\\app\\Views\\jamaah\\v_agenda.php')
 3 SYSTEMPATH\View\View.php(231): CodeIgniter\View\View->CodeIgniter\View\{closure}()
 4 SYSTEMPATH\Common.php(1190): CodeIgniter\View\View->render('jamaah/v_agenda', [], true)
 5 APPPATH\Views\v_template_admin.php(715): view('jamaah/v_agenda')
 6 SYSTEMPATH\View\View.php(228): include('C:\\xampp\\htdocs\\Simasjid-CI4\\app\\Views\\v_template_admin.php')
 7 SYSTEMPATH\View\View.php(231): CodeIgniter\View\View->CodeIgniter\View\{closure}()
 8 SYSTEMPATH\Common.php(1190): CodeIgniter\View\View->render('v_template_admin', [], true)
 9 APPPATH\Controllers\Agenda.php(326): view('v_template_admin', [...])
10 SYSTEMPATH\CodeIgniter.php(942): App\Controllers\Agenda->KegiatanBerjalan()
11 SYSTEMPATH\CodeIgniter.php(502): CodeIgniter\CodeIgniter->runController(Object(App\Controllers\Agenda))
12 SYSTEMPATH\CodeIgniter.php(361): CodeIgniter\CodeIgniter->handleRequest(null, Object(Config\Cache), false)
13 FCPATH\index.php(79): CodeIgniter\CodeIgniter->run()
WARNING - 2024-07-31 06:55:57 --> [DEPRECATED] htmlspecialchars(): Passing null to parameter #1 ($string) of type string is deprecated in APPPATH\Views\jamaah\v_agenda.php on line 285.
 1 APPPATH\Views\jamaah\v_agenda.php(285): htmlspecialchars(null)
 2 SYSTEMPATH\View\View.php(228): include('C:\\xampp\\htdocs\\Simasjid-CI4\\app\\Views\\jamaah\\v_agenda.php')
 3 SYSTEMPATH\View\View.php(231): CodeIgniter\View\View->CodeIgniter\View\{closure}()
 4 SYSTEMPATH\Common.php(1190): CodeIgniter\View\View->render('jamaah/v_agenda', [], true)
 5 APPPATH\Views\v_template_admin.php(715): view('jamaah/v_agenda')
 6 SYSTEMPATH\View\View.php(228): include('C:\\xampp\\htdocs\\Simasjid-CI4\\app\\Views\\v_template_admin.php')
 7 SYSTEMPATH\View\View.php(231): CodeIgniter\View\View->CodeIgniter\View\{closure}()
 8 SYSTEMPATH\Common.php(1190): CodeIgniter\View\View->render('v_template_admin', [], true)
 9 APPPATH\Controllers\Agenda.php(326): view('v_template_admin', [...])
10 SYSTEMPATH\CodeIgniter.php(942): App\Controllers\Agenda->KegiatanBerjalan()
11 SYSTEMPATH\CodeIgniter.php(502): CodeIgniter\CodeIgniter->runController(Object(App\Controllers\Agenda))
12 SYSTEMPATH\CodeIgniter.php(361): CodeIgniter\CodeIgniter->handleRequest(null, Object(Config\Cache), false)
13 FCPATH\index.php(79): CodeIgniter\CodeIgniter->run()
WARNING - 2024-07-31 06:55:57 --> [DEPRECATED] htmlspecialchars(): Passing null to parameter #1 ($string) of type string is deprecated in APPPATH\Views\jamaah\v_agenda.php on line 275.
 1 APPPATH\Views\jamaah\v_agenda.php(275): htmlspecialchars(null)
 2 SYSTEMPATH\View\View.php(228): include('C:\\xampp\\htdocs\\Simasjid-CI4\\app\\Views\\jamaah\\v_agenda.php')
 3 SYSTEMPATH\View\View.php(231): CodeIgniter\View\View->CodeIgniter\View\{closure}()
 4 SYSTEMPATH\Common.php(1190): CodeIgniter\View\View->render('jamaah/v_agenda', [], true)
 5 APPPATH\Views\v_template_admin.php(715): view('jamaah/v_agenda')
 6 SYSTEMPATH\View\View.php(228): include('C:\\xampp\\htdocs\\Simasjid-CI4\\app\\Views\\v_template_admin.php')
 7 SYSTEMPATH\View\View.php(231): CodeIgniter\View\View->CodeIgniter\View\{closure}()
 8 SYSTEMPATH\Common.php(1190): CodeIgniter\View\View->render('v_template_admin', [], true)
 9 APPPATH\Controllers\Agenda.php(326): view('v_template_admin', [...])
10 SYSTEMPATH\CodeIgniter.php(942): App\Controllers\Agenda->KegiatanBerjalan()
11 SYSTEMPATH\CodeIgniter.php(502): CodeIgniter\CodeIgniter->runController(Object(App\Controllers\Agenda))
12 SYSTEMPATH\CodeIgniter.php(361): CodeIgniter\CodeIgniter->handleRequest(null, Object(Config\Cache), false)
13 FCPATH\index.php(79): CodeIgniter\CodeIgniter->run()
WARNING - 2024-07-31 06:55:57 --> [DEPRECATED] htmlspecialchars(): Passing null to parameter #1 ($string) of type string is deprecated in APPPATH\Views\jamaah\v_agenda.php on line 285.
 1 APPPATH\Views\jamaah\v_agenda.php(285): htmlspecialchars(null)
 2 SYSTEMPATH\View\View.php(228): include('C:\\xampp\\htdocs\\Simasjid-CI4\\app\\Views\\jamaah\\v_agenda.php')
 3 SYSTEMPATH\View\View.php(231): CodeIgniter\View\View->CodeIgniter\View\{closure}()
 4 SYSTEMPATH\Common.php(1190): CodeIgniter\View\View->render('jamaah/v_agenda', [], true)
 5 APPPATH\Views\v_template_admin.php(715): view('jamaah/v_agenda')
 6 SYSTEMPATH\View\View.php(228): include('C:\\xampp\\htdocs\\Simasjid-CI4\\app\\Views\\v_template_admin.php')
 7 SYSTEMPATH\View\View.php(231): CodeIgniter\View\View->CodeIgniter\View\{closure}()
 8 SYSTEMPATH\Common.php(1190): CodeIgniter\View\View->render('v_template_admin', [], true)
 9 APPPATH\Controllers\Agenda.php(326): view('v_template_admin', [...])
10 SYSTEMPATH\CodeIgniter.php(942): App\Controllers\Agenda->KegiatanBerjalan()
11 SYSTEMPATH\CodeIgniter.php(502): CodeIgniter\CodeIgniter->runController(Object(App\Controllers\Agenda))
12 SYSTEMPATH\CodeIgniter.php(361): CodeIgniter\CodeIgniter->handleRequest(null, Object(Config\Cache), false)
13 FCPATH\index.php(79): CodeIgniter\CodeIgniter->run()
WARNING - 2024-07-31 06:55:57 --> [DEPRECATED] htmlspecialchars(): Passing null to parameter #1 ($string) of type string is deprecated in APPPATH\Views\jamaah\v_agenda.php on line 275.
 1 APPPATH\Views\jamaah\v_agenda.php(275): htmlspecialchars(null)
 2 SYSTEMPATH\View\View.php(228): include('C:\\xampp\\htdocs\\Simasjid-CI4\\app\\Views\\jamaah\\v_agenda.php')
 3 SYSTEMPATH\View\View.php(231): CodeIgniter\View\View->CodeIgniter\View\{closure}()
 4 SYSTEMPATH\Common.php(1190): CodeIgniter\View\View->render('jamaah/v_agenda', [], true)
 5 APPPATH\Views\v_template_admin.php(715): view('jamaah/v_agenda')
 6 SYSTEMPATH\View\View.php(228): include('C:\\xampp\\htdocs\\Simasjid-CI4\\app\\Views\\v_template_admin.php')
 7 SYSTEMPATH\View\View.php(231): CodeIgniter\View\View->CodeIgniter\View\{closure}()
 8 SYSTEMPATH\Common.php(1190): CodeIgniter\View\View->render('v_template_admin', [], true)
 9 APPPATH\Controllers\Agenda.php(326): view('v_template_admin', [...])
10 SYSTEMPATH\CodeIgniter.php(942): App\Controllers\Agenda->KegiatanBerjalan()
11 SYSTEMPATH\CodeIgniter.php(502): CodeIgniter\CodeIgniter->runController(Object(App\Controllers\Agenda))
12 SYSTEMPATH\CodeIgniter.php(361): CodeIgniter\CodeIgniter->handleRequest(null, Object(Config\Cache), false)
13 FCPATH\index.php(79): CodeIgniter\CodeIgniter->run()
WARNING - 2024-07-31 06:55:57 --> [DEPRECATED] htmlspecialchars(): Passing null to parameter #1 ($string) of type string is deprecated in APPPATH\Views\jamaah\v_agenda.php on line 285.
 1 APPPATH\Views\jamaah\v_agenda.php(285): htmlspecialchars(null)
 2 SYSTEMPATH\View\View.php(228): include('C:\\xampp\\htdocs\\Simasjid-CI4\\app\\Views\\jamaah\\v_agenda.php')
 3 SYSTEMPATH\View\View.php(231): CodeIgniter\View\View->CodeIgniter\View\{closure}()
 4 SYSTEMPATH\Common.php(1190): CodeIgniter\View\View->render('jamaah/v_agenda', [], true)
 5 APPPATH\Views\v_template_admin.php(715): view('jamaah/v_agenda')
 6 SYSTEMPATH\View\View.php(228): include('C:\\xampp\\htdocs\\Simasjid-CI4\\app\\Views\\v_template_admin.php')
 7 SYSTEMPATH\View\View.php(231): CodeIgniter\View\View->CodeIgniter\View\{closure}()
 8 SYSTEMPATH\Common.php(1190): CodeIgniter\View\View->render('v_template_admin', [], true)
 9 APPPATH\Controllers\Agenda.php(326): view('v_template_admin', [...])
10 SYSTEMPATH\CodeIgniter.php(942): App\Controllers\Agenda->KegiatanBerjalan()
11 SYSTEMPATH\CodeIgniter.php(502): CodeIgniter\CodeIgniter->runController(Object(App\Controllers\Agenda))
12 SYSTEMPATH\CodeIgniter.php(361): CodeIgniter\CodeIgniter->handleRequest(null, Object(Config\Cache), false)
13 FCPATH\index.php(79): CodeIgniter\CodeIgniter->run()
WARNING - 2024-07-31 06:55:57 --> [DEPRECATED] htmlspecialchars(): Passing null to parameter #1 ($string) of type string is deprecated in APPPATH\Views\jamaah\v_agenda.php on line 275.
 1 APPPATH\Views\jamaah\v_agenda.php(275): htmlspecialchars(null)
 2 SYSTEMPATH\View\View.php(228): include('C:\\xampp\\htdocs\\Simasjid-CI4\\app\\Views\\jamaah\\v_agenda.php')
 3 SYSTEMPATH\View\View.php(231): CodeIgniter\View\View->CodeIgniter\View\{closure}()
 4 SYSTEMPATH\Common.php(1190): CodeIgniter\View\View->render('jamaah/v_agenda', [], true)
 5 APPPATH\Views\v_template_admin.php(715): view('jamaah/v_agenda')
 6 SYSTEMPATH\View\View.php(228): include('C:\\xampp\\htdocs\\Simasjid-CI4\\app\\Views\\v_template_admin.php')
 7 SYSTEMPATH\View\View.php(231): CodeIgniter\View\View->CodeIgniter\View\{closure}()
 8 SYSTEMPATH\Common.php(1190): CodeIgniter\View\View->render('v_template_admin', [], true)
 9 APPPATH\Controllers\Agenda.php(326): view('v_template_admin', [...])
10 SYSTEMPATH\CodeIgniter.php(942): App\Controllers\Agenda->KegiatanBerjalan()
11 SYSTEMPATH\CodeIgniter.php(502): CodeIgniter\CodeIgniter->runController(Object(App\Controllers\Agenda))
12 SYSTEMPATH\CodeIgniter.php(361): CodeIgniter\CodeIgniter->handleRequest(null, Object(Config\Cache), false)
13 FCPATH\index.php(79): CodeIgniter\CodeIgniter->run()
WARNING - 2024-07-31 06:55:57 --> [DEPRECATED] htmlspecialchars(): Passing null to parameter #1 ($string) of type string is deprecated in APPPATH\Views\jamaah\v_agenda.php on line 285.
 1 APPPATH\Views\jamaah\v_agenda.php(285): htmlspecialchars(null)
 2 SYSTEMPATH\View\View.php(228): include('C:\\xampp\\htdocs\\Simasjid-CI4\\app\\Views\\jamaah\\v_agenda.php')
 3 SYSTEMPATH\View\View.php(231): CodeIgniter\View\View->CodeIgniter\View\{closure}()
 4 SYSTEMPATH\Common.php(1190): CodeIgniter\View\View->render('jamaah/v_agenda', [], true)
 5 APPPATH\Views\v_template_admin.php(715): view('jamaah/v_agenda')
 6 SYSTEMPATH\View\View.php(228): include('C:\\xampp\\htdocs\\Simasjid-CI4\\app\\Views\\v_template_admin.php')
 7 SYSTEMPATH\View\View.php(231): CodeIgniter\View\View->CodeIgniter\View\{closure}()
 8 SYSTEMPATH\Common.php(1190): CodeIgniter\View\View->render('v_template_admin', [], true)
 9 APPPATH\Controllers\Agenda.php(326): view('v_template_admin', [...])
10 SYSTEMPATH\CodeIgniter.php(942): App\Controllers\Agenda->KegiatanBerjalan()
11 SYSTEMPATH\CodeIgniter.php(502): CodeIgniter\CodeIgniter->runController(Object(App\Controllers\Agenda))
12 SYSTEMPATH\CodeIgniter.php(361): CodeIgniter\CodeIgniter->handleRequest(null, Object(Config\Cache), false)
13 FCPATH\index.php(79): CodeIgniter\CodeIgniter->run()
WARNING - 2024-07-31 06:55:57 --> [DEPRECATED] htmlspecialchars(): Passing null to parameter #1 ($string) of type string is deprecated in APPPATH\Views\jamaah\v_agenda.php on line 275.
 1 APPPATH\Views\jamaah\v_agenda.php(275): htmlspecialchars(null)
 2 SYSTEMPATH\View\View.php(228): include('C:\\xampp\\htdocs\\Simasjid-CI4\\app\\Views\\jamaah\\v_agenda.php')
 3 SYSTEMPATH\View\View.php(231): CodeIgniter\View\View->CodeIgniter\View\{closure}()
 4 SYSTEMPATH\Common.php(1190): CodeIgniter\View\View->render('jamaah/v_agenda', [], true)
 5 APPPATH\Views\v_template_admin.php(715): view('jamaah/v_agenda')
 6 SYSTEMPATH\View\View.php(228): include('C:\\xampp\\htdocs\\Simasjid-CI4\\app\\Views\\v_template_admin.php')
 7 SYSTEMPATH\View\View.php(231): CodeIgniter\View\View->CodeIgniter\View\{closure}()
 8 SYSTEMPATH\Common.php(1190): CodeIgniter\View\View->render('v_template_admin', [], true)
 9 APPPATH\Controllers\Agenda.php(326): view('v_template_admin', [...])
10 SYSTEMPATH\CodeIgniter.php(942): App\Controllers\Agenda->KegiatanBerjalan()
11 SYSTEMPATH\CodeIgniter.php(502): CodeIgniter\CodeIgniter->runController(Object(App\Controllers\Agenda))
12 SYSTEMPATH\CodeIgniter.php(361): CodeIgniter\CodeIgniter->handleRequest(null, Object(Config\Cache), false)
13 FCPATH\index.php(79): CodeIgniter\CodeIgniter->run()
WARNING - 2024-07-31 06:55:57 --> [DEPRECATED] htmlspecialchars(): Passing null to parameter #1 ($string) of type string is deprecated in APPPATH\Views\jamaah\v_agenda.php on line 285.
 1 APPPATH\Views\jamaah\v_agenda.php(285): htmlspecialchars(null)
 2 SYSTEMPATH\View\View.php(228): include('C:\\xampp\\htdocs\\Simasjid-CI4\\app\\Views\\jamaah\\v_agenda.php')
 3 SYSTEMPATH\View\View.php(231): CodeIgniter\View\View->CodeIgniter\View\{closure}()
 4 SYSTEMPATH\Common.php(1190): CodeIgniter\View\View->render('jamaah/v_agenda', [], true)
 5 APPPATH\Views\v_template_admin.php(715): view('jamaah/v_agenda')
 6 SYSTEMPATH\View\View.php(228): include('C:\\xampp\\htdocs\\Simasjid-CI4\\app\\Views\\v_template_admin.php')
 7 SYSTEMPATH\View\View.php(231): CodeIgniter\View\View->CodeIgniter\View\{closure}()
 8 SYSTEMPATH\Common.php(1190): CodeIgniter\View\View->render('v_template_admin', [], true)
 9 APPPATH\Controllers\Agenda.php(326): view('v_template_admin', [...])
10 SYSTEMPATH\CodeIgniter.php(942): App\Controllers\Agenda->KegiatanBerjalan()
11 SYSTEMPATH\CodeIgniter.php(502): CodeIgniter\CodeIgniter->runController(Object(App\Controllers\Agenda))
12 SYSTEMPATH\CodeIgniter.php(361): CodeIgniter\CodeIgniter->handleRequest(null, Object(Config\Cache), false)
13 FCPATH\index.php(79): CodeIgniter\CodeIgniter->run()
INFO - 2024-07-31 06:55:58 --> Session: Class initialized using 'CodeIgniter\Session\Handlers\FileHandler' driver.
INFO - 2024-07-31 06:55:59 --> Session: Class initialized using 'CodeIgniter\Session\Handlers\FileHandler' driver.
INFO - 2024-07-31 06:56:00 --> Session: Class initialized using 'CodeIgniter\Session\Handlers\FileHandler' driver.
INFO - 2024-07-31 06:56:01 --> Session: Class initialized using 'CodeIgniter\Session\Handlers\FileHandler' driver.
INFO - 2024-07-31 06:56:01 --> Session: Class initialized using 'CodeIgniter\Session\Handlers\FileHandler' driver.
INFO - 2024-07-31 06:56:01 --> Session: Class initialized using 'CodeIgniter\Session\Handlers\FileHandler' driver.
INFO - 2024-07-31 06:56:02 --> Session: Class initialized using 'CodeIgniter\Session\Handlers\FileHandler' driver.
INFO - 2024-07-31 06:56:02 --> Session: Class initialized using 'CodeIgniter\Session\Handlers\FileHandler' driver.
INFO - 2024-07-31 06:56:03 --> Session: Class initialized using 'CodeIgniter\Session\Handlers\FileHandler' driver.
INFO - 2024-07-31 06:56:03 --> Session: Class initialized using 'CodeIgniter\Session\Handlers\FileHandler' driver.
INFO - 2024-07-31 06:56:04 --> Session: Class initialized using 'CodeIgniter\Session\Handlers\FileHandler' driver.
INFO - 2024-07-31 06:56:18 --> Session: Class initialized using 'CodeIgniter\Session\Handlers\FileHandler' driver.
INFO - 2024-07-31 06:56:18 --> Session: Class initialized using 'CodeIgniter\Session\Handlers\FileHandler' driver.
INFO - 2024-07-31 06:56:28 --> Session: Class initialized using 'CodeIgniter\Session\Handlers\FileHandler' driver.
INFO - 2024-07-31 06:57:09 --> Session: Class initialized using 'CodeIgniter\Session\Handlers\FileHandler' driver.
INFO - 2024-07-31 06:57:17 --> Session: Class initialized using 'CodeIgniter\Session\Handlers\FileHandler' driver.
INFO - 2024-07-31 06:57:18 --> Session: Class initialized using 'CodeIgniter\Session\Handlers\FileHandler' driver.
INFO - 2024-07-31 06:57:19 --> Session: Class initialized using 'CodeIgniter\Session\Handlers\FileHandler' driver.
INFO - 2024-07-31 06:57:48 --> Session: Class initialized using 'CodeIgniter\Session\Handlers\FileHandler' driver.
INFO - 2024-07-31 06:58:17 --> Session: Class initialized using 'CodeIgniter\Session\Handlers\FileHandler' driver.
INFO - 2024-07-31 06:58:44 --> Session: Class initialized using 'CodeIgniter\Session\Handlers\FileHandler' driver.
INFO - 2024-07-31 06:59:27 --> Session: Class initialized using 'CodeIgniter\Session\Handlers\FileHandler' driver.
INFO - 2024-07-31 06:59:55 --> Session: Class initialized using 'CodeIgniter\Session\Handlers\FileHandler' driver.
INFO - 2024-07-31 07:00:58 --> Session: Class initialized using 'CodeIgniter\Session\Handlers\FileHandler' driver.
INFO - 2024-07-31 07:00:58 --> Session: Class initialized using 'CodeIgniter\Session\Handlers\FileHandler' driver.
INFO - 2024-07-31 07:01:14 --> Session: Class initialized using 'CodeIgniter\Session\Handlers\FileHandler' driver.
INFO - 2024-07-31 07:01:14 --> Session: Class initialized using 'CodeIgniter\Session\Handlers\FileHandler' driver.
INFO - 2024-07-31 07:01:26 --> Session: Class initialized using 'CodeIgniter\Session\Handlers\FileHandler' driver.
INFO - 2024-07-31 07:02:21 --> Session: Class initialized using 'CodeIgniter\Session\Handlers\FileHandler' driver.
INFO - 2024-07-31 07:29:33 --> Session: Class initialized using 'CodeIgniter\Session\Handlers\FileHandler' driver.
INFO - 2024-07-31 07:29:38 --> Session: Class initialized using 'CodeIgniter\Session\Handlers\FileHandler' driver.
INFO - 2024-07-31 07:30:12 --> Session: Class initialized using 'CodeIgniter\Session\Handlers\FileHandler' driver.
INFO - 2024-07-31 07:30:16 --> Session: Class initialized using 'CodeIgniter\Session\Handlers\FileHandler' driver.
INFO - 2024-07-31 11:16:39 --> Session: Class initialized using 'CodeIgniter\Session\Handlers\FileHandler' driver.
INFO - 2024-07-31 11:16:40 --> Session: Class initialized using 'CodeIgniter\Session\Handlers\FileHandler' driver.
INFO - 2024-07-31 11:16:56 --> Session: Class initialized using 'CodeIgniter\Session\Handlers\FileHandler' driver.
INFO - 2024-07-31 11:16:57 --> Session: Class initialized using 'CodeIgniter\Session\Handlers\FileHandler' driver.
INFO - 2024-07-31 11:17:06 --> Session: Class initialized using 'CodeIgniter\Session\Handlers\FileHandler' driver.
INFO - 2024-07-31 11:17:19 --> Session: Class initialized using 'CodeIgniter\Session\Handlers\FileHandler' driver.
INFO - 2024-07-31 11:20:08 --> Session: Class initialized using 'CodeIgniter\Session\Handlers\FileHandler' driver.
INFO - 2024-07-31 11:20:13 --> Session: Class initialized using 'CodeIgniter\Session\Handlers\FileHandler' driver.
INFO - 2024-07-31 11:20:18 --> Session: Class initialized using 'CodeIgniter\Session\Handlers\FileHandler' driver.
INFO - 2024-07-31 11:21:10 --> Session: Class initialized using 'CodeIgniter\Session\Handlers\FileHandler' driver.
INFO - 2024-07-31 11:27:40 --> Session: Class initialized using 'CodeIgniter\Session\Handlers\FileHandler' driver.
CRITICAL - 2024-07-31 11:27:40 --> Undefined variable $no
in APPPATH\Views\Imam-Khotib\v_jadwal_imam_khotib.php on line 44.
 1 APPPATH\Views\Imam-Khotib\v_jadwal_imam_khotib.php(44): CodeIgniter\Debug\Exceptions->errorHandler(2, 'Undefined variable $no', 'C:\\xampp\\htdocs\\Simasjid-CI4\\app\\Views\\Imam-Khotib\\v_jadwal_imam_khotib.php', 44)
 2 SYSTEMPATH\View\View.php(228): include('C:\\xampp\\htdocs\\Simasjid-CI4\\app\\Views\\Imam-Khotib\\v_jadwal_imam_khotib.php')
 3 SYSTEMPATH\View\View.php(231): CodeIgniter\View\View->CodeIgniter\View\{closure}()
 4 SYSTEMPATH\Common.php(1190): CodeIgniter\View\View->render('Imam-Khotib/v_jadwal_imam_khotib', [], true)
 5 APPPATH\Views\v_template_admin.php(715): view('Imam-Khotib/v_jadwal_imam_khotib')
 6 SYSTEMPATH\View\View.php(228): include('C:\\xampp\\htdocs\\Simasjid-CI4\\app\\Views\\v_template_admin.php')
 7 SYSTEMPATH\View\View.php(231): CodeIgniter\View\View->CodeIgniter\View\{closure}()
 8 SYSTEMPATH\Common.php(1190): CodeIgniter\View\View->render('v_template_admin', [], true)
 9 APPPATH\Controllers\ImamKhotib.php(46): view('v_template_admin', [...])
10 SYSTEMPATH\CodeIgniter.php(942): App\Controllers\ImamKhotib->JadwalImamKhotib()
11 SYSTEMPATH\CodeIgniter.php(502): CodeIgniter\CodeIgniter->runController(Object(App\Controllers\ImamKhotib))
12 SYSTEMPATH\CodeIgniter.php(361): CodeIgniter\CodeIgniter->handleRequest(null, Object(Config\Cache), false)
13 FCPATH\index.php(79): CodeIgniter\CodeIgniter->run()
INFO - 2024-07-31 11:28:27 --> Session: Class initialized using 'CodeIgniter\Session\Handlers\FileHandler' driver.
CRITICAL - 2024-07-31 11:28:27 --> Undefined variable $detail
in APPPATH\Views\Imam-Khotib\v_jadwal_imam_khotib.php on line 80.
 1 APPPATH\Views\Imam-Khotib\v_jadwal_imam_khotib.php(80): CodeIgniter\Debug\Exceptions->errorHandler(2, 'Undefined variable $detail', 'C:\\xampp\\htdocs\\Simasjid-CI4\\app\\Views\\Imam-Khotib\\v_jadwal_imam_khotib.php', 80)
 2 SYSTEMPATH\View\View.php(228): include('C:\\xampp\\htdocs\\Simasjid-CI4\\app\\Views\\Imam-Khotib\\v_jadwal_imam_khotib.php')
 3 SYSTEMPATH\View\View.php(231): CodeIgniter\View\View->CodeIgniter\View\{closure}()
 4 SYSTEMPATH\Common.php(1190): CodeIgniter\View\View->render('Imam-Khotib/v_jadwal_imam_khotib', [], true)
 5 APPPATH\Views\v_template_admin.php(715): view('Imam-Khotib/v_jadwal_imam_khotib')
 6 SYSTEMPATH\View\View.php(228): include('C:\\xampp\\htdocs\\Simasjid-CI4\\app\\Views\\v_template_admin.php')
 7 SYSTEMPATH\View\View.php(231): CodeIgniter\View\View->CodeIgniter\View\{closure}()
 8 SYSTEMPATH\Common.php(1190): CodeIgniter\View\View->render('v_template_admin', [], true)
 9 APPPATH\Controllers\ImamKhotib.php(46): view('v_template_admin', [...])
10 SYSTEMPATH\CodeIgniter.php(942): App\Controllers\ImamKhotib->JadwalImamKhotib()
11 SYSTEMPATH\CodeIgniter.php(502): CodeIgniter\CodeIgniter->runController(Object(App\Controllers\ImamKhotib))
12 SYSTEMPATH\CodeIgniter.php(361): CodeIgniter\CodeIgniter->handleRequest(null, Object(Config\Cache), false)
13 FCPATH\index.php(79): CodeIgniter\CodeIgniter->run()
INFO - 2024-07-31 16:12:11 --> Session: Class initialized using 'CodeIgniter\Session\Handlers\FileHandler' driver.
INFO - 2024-07-31 16:12:12 --> Session: Class initialized using 'CodeIgniter\Session\Handlers\FileHandler' driver.
INFO - 2024-07-31 16:12:31 --> Session: Class initialized using 'CodeIgniter\Session\Handlers\FileHandler' driver.
INFO - 2024-07-31 16:12:31 --> Session: Class initialized using 'CodeIgniter\Session\Handlers\FileHandler' driver.
INFO - 2024-07-31 16:12:39 --> Session: Class initialized using 'CodeIgniter\Session\Handlers\FileHandler' driver.
INFO - 2024-07-31 16:13:05 --> Session: Class initialized using 'CodeIgniter\Session\Handlers\FileHandler' driver.
INFO - 2024-07-31 16:13:06 --> Session: Class initialized using 'CodeIgniter\Session\Handlers\FileHandler' driver.
INFO - 2024-07-31 16:21:02 --> Session: Class initialized using 'CodeIgniter\Session\Handlers\FileHandler' driver.
ERROR - 2024-07-31 16:21:02 --> mysqli_sql_exception: Table 'db-simasjid-ci4.tbl_petugas' doesn't exist in C:\xampp\htdocs\Simasjid-CI4\system\Database\MySQLi\Connection.php:306
Stack trace:
#0 C:\xampp\htdocs\Simasjid-CI4\system\Database\MySQLi\Connection.php(306): mysqli->query('SELECT `tbl_jad...', 0)
#1 C:\xampp\htdocs\Simasjid-CI4\system\Database\BaseConnection.php(693): CodeIgniter\Database\MySQLi\Connection->execute('SELECT `tbl_jad...')
#2 C:\xampp\htdocs\Simasjid-CI4\system\Database\BaseConnection.php(607): CodeIgniter\Database\BaseConnection->simpleQuery('SELECT `tbl_jad...')
#3 C:\xampp\htdocs\Simasjid-CI4\system\Database\BaseBuilder.php(1615): CodeIgniter\Database\BaseConnection->query('SELECT `tbl_jad...', Array, false)
#4 C:\xampp\htdocs\Simasjid-CI4\app\Models\ModelImamKhotib.php(89): CodeIgniter\Database\BaseBuilder->get()
#5 C:\xampp\htdocs\Simasjid-CI4\app\Controllers\ImamKhotib.php(39): App\Models\ModelImamKhotib->getJadwalWithPetugasa()
#6 C:\xampp\htdocs\Simasjid-CI4\system\CodeIgniter.php(942): App\Controllers\ImamKhotib->JadwalImamKhotib()
#7 C:\xampp\htdocs\Simasjid-CI4\system\CodeIgniter.php(502): CodeIgniter\CodeIgniter->runController(Object(App\Controllers\ImamKhotib))
#8 C:\xampp\htdocs\Simasjid-CI4\system\CodeIgniter.php(361): CodeIgniter\CodeIgniter->handleRequest(NULL, Object(Config\Cache), false)
#9 C:\xampp\htdocs\Simasjid-CI4\public\index.php(79): CodeIgniter\CodeIgniter->run()
#10 {main}
CRITICAL - 2024-07-31 16:21:02 --> Table 'db-simasjid-ci4.tbl_petugas' doesn't exist
in SYSTEMPATH\Database\BaseConnection.php on line 647.
 1 SYSTEMPATH\Database\BaseBuilder.php(1615): CodeIgniter\Database\BaseConnection->query('SELECT `tbl_jadwal_imam_khotib`.*, `tbl_petugas`.`nama_petugas`
FROM `tbl_jadwal_imam_khotib`
LEFT JOIN `tbl_petugas` ON `tbl_jadwal_imam_khotib`.`id_petugas` = `tbl_petugas`.`id_petugas`', [], false)
 2 APPPATH\Models\ModelImamKhotib.php(89): CodeIgniter\Database\BaseBuilder->get()
 3 APPPATH\Controllers\ImamKhotib.php(39): App\Models\ModelImamKhotib->getJadwalWithPetugasa()
 4 SYSTEMPATH\CodeIgniter.php(942): App\Controllers\ImamKhotib->JadwalImamKhotib()
 5 SYSTEMPATH\CodeIgniter.php(502): CodeIgniter\CodeIgniter->runController(Object(App\Controllers\ImamKhotib))
 6 SYSTEMPATH\CodeIgniter.php(361): CodeIgniter\CodeIgniter->handleRequest(null, Object(Config\Cache), false)
 7 FCPATH\index.php(79): CodeIgniter\CodeIgniter->run()
INFO - 2024-07-31 16:22:15 --> Session: Class initialized using 'CodeIgniter\Session\Handlers\FileHandler' driver.
CRITICAL - 2024-07-31 16:22:16 --> Undefined array key "pon"
in APPPATH\Views\Imam-Khotib\v_jadwal_imam_khotib.php on line 37.
 1 APPPATH\Views\Imam-Khotib\v_jadwal_imam_khotib.php(37): CodeIgniter\Debug\Exceptions->errorHandler(2, 'Undefined array key "pon"', 'C:\\xampp\\htdocs\\Simasjid-CI4\\app\\Views\\Imam-Khotib\\v_jadwal_imam_khotib.php', 37)
 2 SYSTEMPATH\View\View.php(228): include('C:\\xampp\\htdocs\\Simasjid-CI4\\app\\Views\\Imam-Khotib\\v_jadwal_imam_khotib.php')
 3 SYSTEMPATH\View\View.php(231): CodeIgniter\View\View->CodeIgniter\View\{closure}()
 4 SYSTEMPATH\Common.php(1190): CodeIgniter\View\View->render('Imam-Khotib/v_jadwal_imam_khotib', [], true)
 5 APPPATH\Views\v_template_admin.php(715): view('Imam-Khotib/v_jadwal_imam_khotib')
 6 SYSTEMPATH\View\View.php(228): include('C:\\xampp\\htdocs\\Simasjid-CI4\\app\\Views\\v_template_admin.php')
 7 SYSTEMPATH\View\View.php(231): CodeIgniter\View\View->CodeIgniter\View\{closure}()
 8 SYSTEMPATH\Common.php(1190): CodeIgniter\View\View->render('v_template_admin', [], true)
 9 APPPATH\Controllers\ImamKhotib.php(46): view('v_template_admin', [...])
10 SYSTEMPATH\CodeIgniter.php(942): App\Controllers\ImamKhotib->JadwalImamKhotib()
11 SYSTEMPATH\CodeIgniter.php(502): CodeIgniter\CodeIgniter->runController(Object(App\Controllers\ImamKhotib))
12 SYSTEMPATH\CodeIgniter.php(361): CodeIgniter\CodeIgniter->handleRequest(null, Object(Config\Cache), false)
13 FCPATH\index.php(79): CodeIgniter\CodeIgniter->run()
INFO - 2024-07-31 16:27:11 --> Session: Class initialized using 'CodeIgniter\Session\Handlers\FileHandler' driver.
CRITICAL - 2024-07-31 16:27:11 --> Undefined array key "pon"
in APPPATH\Views\Imam-Khotib\v_jadwal_imam_khotib.php on line 37.
 1 APPPATH\Views\Imam-Khotib\v_jadwal_imam_khotib.php(37): CodeIgniter\Debug\Exceptions->errorHandler(2, 'Undefined array key "pon"', 'C:\\xampp\\htdocs\\Simasjid-CI4\\app\\Views\\Imam-Khotib\\v_jadwal_imam_khotib.php', 37)
 2 SYSTEMPATH\View\View.php(228): include('C:\\xampp\\htdocs\\Simasjid-CI4\\app\\Views\\Imam-Khotib\\v_jadwal_imam_khotib.php')
 3 SYSTEMPATH\View\View.php(231): CodeIgniter\View\View->CodeIgniter\View\{closure}()
 4 SYSTEMPATH\Common.php(1190): CodeIgniter\View\View->render('Imam-Khotib/v_jadwal_imam_khotib', [], true)
 5 APPPATH\Views\v_template_admin.php(715): view('Imam-Khotib/v_jadwal_imam_khotib')
 6 SYSTEMPATH\View\View.php(228): include('C:\\xampp\\htdocs\\Simasjid-CI4\\app\\Views\\v_template_admin.php')
 7 SYSTEMPATH\View\View.php(231): CodeIgniter\View\View->CodeIgniter\View\{closure}()
 8 SYSTEMPATH\Common.php(1190): CodeIgniter\View\View->render('v_template_admin', [], true)
 9 APPPATH\Controllers\ImamKhotib.php(46): view('v_template_admin', [...])
10 SYSTEMPATH\CodeIgniter.php(942): App\Controllers\ImamKhotib->JadwalImamKhotib()
11 SYSTEMPATH\CodeIgniter.php(502): CodeIgniter\CodeIgniter->runController(Object(App\Controllers\ImamKhotib))
12 SYSTEMPATH\CodeIgniter.php(361): CodeIgniter\CodeIgniter->handleRequest(null, Object(Config\Cache), false)
13 FCPATH\index.php(79): CodeIgniter\CodeIgniter->run()
INFO - 2024-07-31 16:27:16 --> Session: Class initialized using 'CodeIgniter\Session\Handlers\FileHandler' driver.
CRITICAL - 2024-07-31 16:27:16 --> Undefined array key "pon"
in APPPATH\Views\Imam-Khotib\v_jadwal_imam_khotib.php on line 37.
 1 APPPATH\Views\Imam-Khotib\v_jadwal_imam_khotib.php(37): CodeIgniter\Debug\Exceptions->errorHandler(2, 'Undefined array key "pon"', 'C:\\xampp\\htdocs\\Simasjid-CI4\\app\\Views\\Imam-Khotib\\v_jadwal_imam_khotib.php', 37)
 2 SYSTEMPATH\View\View.php(228): include('C:\\xampp\\htdocs\\Simasjid-CI4\\app\\Views\\Imam-Khotib\\v_jadwal_imam_khotib.php')
 3 SYSTEMPATH\View\View.php(231): CodeIgniter\View\View->CodeIgniter\View\{closure}()
 4 SYSTEMPATH\Common.php(1190): CodeIgniter\View\View->render('Imam-Khotib/v_jadwal_imam_khotib', [], true)
 5 APPPATH\Views\v_template_admin.php(715): view('Imam-Khotib/v_jadwal_imam_khotib')
 6 SYSTEMPATH\View\View.php(228): include('C:\\xampp\\htdocs\\Simasjid-CI4\\app\\Views\\v_template_admin.php')
 7 SYSTEMPATH\View\View.php(231): CodeIgniter\View\View->CodeIgniter\View\{closure}()
 8 SYSTEMPATH\Common.php(1190): CodeIgniter\View\View->render('v_template_admin', [], true)
 9 APPPATH\Controllers\ImamKhotib.php(46): view('v_template_admin', [...])
10 SYSTEMPATH\CodeIgniter.php(942): App\Controllers\ImamKhotib->JadwalImamKhotib()
11 SYSTEMPATH\CodeIgniter.php(502): CodeIgniter\CodeIgniter->runController(Object(App\Controllers\ImamKhotib))
12 SYSTEMPATH\CodeIgniter.php(361): CodeIgniter\CodeIgniter->handleRequest(null, Object(Config\Cache), false)
13 FCPATH\index.php(79): CodeIgniter\CodeIgniter->run()
INFO - 2024-07-31 16:27:18 --> Session: Class initialized using 'CodeIgniter\Session\Handlers\FileHandler' driver.
CRITICAL - 2024-07-31 16:27:19 --> Undefined array key "pon"
in APPPATH\Views\Imam-Khotib\v_jadwal_imam_khotib.php on line 37.
 1 APPPATH\Views\Imam-Khotib\v_jadwal_imam_khotib.php(37): CodeIgniter\Debug\Exceptions->errorHandler(2, 'Undefined array key "pon"', 'C:\\xampp\\htdocs\\Simasjid-CI4\\app\\Views\\Imam-Khotib\\v_jadwal_imam_khotib.php', 37)
 2 SYSTEMPATH\View\View.php(228): include('C:\\xampp\\htdocs\\Simasjid-CI4\\app\\Views\\Imam-Khotib\\v_jadwal_imam_khotib.php')
 3 SYSTEMPATH\View\View.php(231): CodeIgniter\View\View->CodeIgniter\View\{closure}()
 4 SYSTEMPATH\Common.php(1190): CodeIgniter\View\View->render('Imam-Khotib/v_jadwal_imam_khotib', [], true)
 5 APPPATH\Views\v_template_admin.php(715): view('Imam-Khotib/v_jadwal_imam_khotib')
 6 SYSTEMPATH\View\View.php(228): include('C:\\xampp\\htdocs\\Simasjid-CI4\\app\\Views\\v_template_admin.php')
 7 SYSTEMPATH\View\View.php(231): CodeIgniter\View\View->CodeIgniter\View\{closure}()
 8 SYSTEMPATH\Common.php(1190): CodeIgniter\View\View->render('v_template_admin', [], true)
 9 APPPATH\Controllers\ImamKhotib.php(46): view('v_template_admin', [...])
10 SYSTEMPATH\CodeIgniter.php(942): App\Controllers\ImamKhotib->JadwalImamKhotib()
11 SYSTEMPATH\CodeIgniter.php(502): CodeIgniter\CodeIgniter->runController(Object(App\Controllers\ImamKhotib))
12 SYSTEMPATH\CodeIgniter.php(361): CodeIgniter\CodeIgniter->handleRequest(null, Object(Config\Cache), false)
13 FCPATH\index.php(79): CodeIgniter\CodeIgniter->run()
INFO - 2024-07-31 16:33:12 --> Session: Class initialized using 'CodeIgniter\Session\Handlers\FileHandler' driver.
INFO - 2024-07-31 16:42:59 --> Session: Class initialized using 'CodeIgniter\Session\Handlers\FileHandler' driver.
CRITICAL - 2024-07-31 16:43:00 --> Undefined array key "imam_dzuhur"
in APPPATH\Views\Imam-Khotib\v_jadwal_imam_khotib.php on line 85.
 1 APPPATH\Views\Imam-Khotib\v_jadwal_imam_khotib.php(85): CodeIgniter\Debug\Exceptions->errorHandler(2, 'Undefined array key "imam_dzuhur"', 'C:\\xampp\\htdocs\\Simasjid-CI4\\app\\Views\\Imam-Khotib\\v_jadwal_imam_khotib.php', 85)
 2 SYSTEMPATH\View\View.php(228): include('C:\\xampp\\htdocs\\Simasjid-CI4\\app\\Views\\Imam-Khotib\\v_jadwal_imam_khotib.php')
 3 SYSTEMPATH\View\View.php(231): CodeIgniter\View\View->CodeIgniter\View\{closure}()
 4 SYSTEMPATH\Common.php(1190): CodeIgniter\View\View->render('Imam-Khotib/v_jadwal_imam_khotib', [], true)
 5 APPPATH\Views\v_template_admin.php(715): view('Imam-Khotib/v_jadwal_imam_khotib')
 6 SYSTEMPATH\View\View.php(228): include('C:\\xampp\\htdocs\\Simasjid-CI4\\app\\Views\\v_template_admin.php')
 7 SYSTEMPATH\View\View.php(231): CodeIgniter\View\View->CodeIgniter\View\{closure}()
 8 SYSTEMPATH\Common.php(1190): CodeIgniter\View\View->render('v_template_admin', [], true)
 9 APPPATH\Controllers\ImamKhotib.php(46): view('v_template_admin', [...])
10 SYSTEMPATH\CodeIgniter.php(942): App\Controllers\ImamKhotib->JadwalImamKhotib()
11 SYSTEMPATH\CodeIgniter.php(502): CodeIgniter\CodeIgniter->runController(Object(App\Controllers\ImamKhotib))
12 SYSTEMPATH\CodeIgniter.php(361): CodeIgniter\CodeIgniter->handleRequest(null, Object(Config\Cache), false)
13 FCPATH\index.php(79): CodeIgniter\CodeIgniter->run()
INFO - 2024-07-31 16:57:10 --> Session: Class initialized using 'CodeIgniter\Session\Handlers\FileHandler' driver.
INFO - 2024-07-31 16:59:32 --> Session: Class initialized using 'CodeIgniter\Session\Handlers\FileHandler' driver.
CRITICAL - 2024-07-31 16:59:33 --> Undefined array key "pon"
in APPPATH\Views\Imam-Khotib\v_jadwal_imam_khotib.php on line 38.
 1 APPPATH\Views\Imam-Khotib\v_jadwal_imam_khotib.php(38): CodeIgniter\Debug\Exceptions->errorHandler(2, 'Undefined array key "pon"', 'C:\\xampp\\htdocs\\Simasjid-CI4\\app\\Views\\Imam-Khotib\\v_jadwal_imam_khotib.php', 38)
 2 SYSTEMPATH\View\View.php(228): include('C:\\xampp\\htdocs\\Simasjid-CI4\\app\\Views\\Imam-Khotib\\v_jadwal_imam_khotib.php')
 3 SYSTEMPATH\View\View.php(231): CodeIgniter\View\View->CodeIgniter\View\{closure}()
 4 SYSTEMPATH\Common.php(1190): CodeIgniter\View\View->render('Imam-Khotib/v_jadwal_imam_khotib', [], true)
 5 APPPATH\Views\v_template_admin.php(715): view('Imam-Khotib/v_jadwal_imam_khotib')
 6 SYSTEMPATH\View\View.php(228): include('C:\\xampp\\htdocs\\Simasjid-CI4\\app\\Views\\v_template_admin.php')
 7 SYSTEMPATH\View\View.php(231): CodeIgniter\View\View->CodeIgniter\View\{closure}()
 8 SYSTEMPATH\Common.php(1190): CodeIgniter\View\View->render('v_template_admin', [], true)
 9 APPPATH\Controllers\ImamKhotib.php(46): view('v_template_admin', [...])
10 SYSTEMPATH\CodeIgniter.php(942): App\Controllers\ImamKhotib->JadwalImamKhotib()
11 SYSTEMPATH\CodeIgniter.php(502): CodeIgniter\CodeIgniter->runController(Object(App\Controllers\ImamKhotib))
12 SYSTEMPATH\CodeIgniter.php(361): CodeIgniter\CodeIgniter->handleRequest(null, Object(Config\Cache), false)
13 FCPATH\index.php(79): CodeIgniter\CodeIgniter->run()
INFO - 2024-07-31 17:00:25 --> Session: Class initialized using 'CodeIgniter\Session\Handlers\FileHandler' driver.
INFO - 2024-07-31 17:05:08 --> Session: Class initialized using 'CodeIgniter\Session\Handlers\FileHandler' driver.
INFO - 2024-07-31 17:05:20 --> Session: Class initialized using 'CodeIgniter\Session\Handlers\FileHandler' driver.
INFO - 2024-07-31 17:05:21 --> Session: Class initialized using 'CodeIgniter\Session\Handlers\FileHandler' driver.
CRITICAL - 2024-07-31 18:01:34 --> Call to undefined method App\Models\ChatbotModel::getCommandHelp
in SYSTEMPATH\Model.php on line 873.
 1 APPPATH\Controllers\Telegram.php(82): CodeIgniter\Model->__call('getCommandHelp', [])
 2 APPPATH\Controllers\Telegram.php(54): App\Controllers\Telegram->processMessage('hallo')
 3 SYSTEMPATH\CodeIgniter.php(942): App\Controllers\Telegram->webhook()
 4 SYSTEMPATH\CodeIgniter.php(502): CodeIgniter\CodeIgniter->runController(Object(App\Controllers\Telegram))
 5 SYSTEMPATH\CodeIgniter.php(361): CodeIgniter\CodeIgniter->handleRequest(null, Object(Config\Cache), false)
 6 FCPATH\index.php(79): CodeIgniter\CodeIgniter->run()
CRITICAL - 2024-07-31 18:01:35 --> Call to undefined method App\Models\ChatbotModel::getCommandHelp
in SYSTEMPATH\Model.php on line 873.
 1 APPPATH\Controllers\Telegram.php(82): CodeIgniter\Model->__call('getCommandHelp', [])
 2 APPPATH\Controllers\Telegram.php(54): App\Controllers\Telegram->processMessage('hallo')
 3 SYSTEMPATH\CodeIgniter.php(942): App\Controllers\Telegram->webhook()
 4 SYSTEMPATH\CodeIgniter.php(502): CodeIgniter\CodeIgniter->runController(Object(App\Controllers\Telegram))
 5 SYSTEMPATH\CodeIgniter.php(361): CodeIgniter\CodeIgniter->handleRequest(null, Object(Config\Cache), false)
 6 FCPATH\index.php(79): CodeIgniter\CodeIgniter->run()
CRITICAL - 2024-07-31 18:01:38 --> Call to undefined method App\Models\ChatbotModel::getCommandHelp
in SYSTEMPATH\Model.php on line 873.
 1 APPPATH\Controllers\Telegram.php(82): CodeIgniter\Model->__call('getCommandHelp', [])
 2 APPPATH\Controllers\Telegram.php(54): App\Controllers\Telegram->processMessage('hallo')
 3 SYSTEMPATH\CodeIgniter.php(942): App\Controllers\Telegram->webhook()
 4 SYSTEMPATH\CodeIgniter.php(502): CodeIgniter\CodeIgniter->runController(Object(App\Controllers\Telegram))
 5 SYSTEMPATH\CodeIgniter.php(361): CodeIgniter\CodeIgniter->handleRequest(null, Object(Config\Cache), false)
 6 FCPATH\index.php(79): CodeIgniter\CodeIgniter->run()
CRITICAL - 2024-07-31 18:01:43 --> Call to undefined method App\Models\ChatbotModel::getCommandHelp
in SYSTEMPATH\Model.php on line 873.
 1 APPPATH\Controllers\Telegram.php(82): CodeIgniter\Model->__call('getCommandHelp', [])
 2 APPPATH\Controllers\Telegram.php(54): App\Controllers\Telegram->processMessage('hallo')
 3 SYSTEMPATH\CodeIgniter.php(942): App\Controllers\Telegram->webhook()
 4 SYSTEMPATH\CodeIgniter.php(502): CodeIgniter\CodeIgniter->runController(Object(App\Controllers\Telegram))
 5 SYSTEMPATH\CodeIgniter.php(361): CodeIgniter\CodeIgniter->handleRequest(null, Object(Config\Cache), false)
 6 FCPATH\index.php(79): CodeIgniter\CodeIgniter->run()
CRITICAL - 2024-07-31 18:01:52 --> Call to undefined method App\Models\ChatbotModel::getCommandHelp
in SYSTEMPATH\Model.php on line 873.
 1 APPPATH\Controllers\Telegram.php(82): CodeIgniter\Model->__call('getCommandHelp', [])
 2 APPPATH\Controllers\Telegram.php(54): App\Controllers\Telegram->processMessage('hallo')
 3 SYSTEMPATH\CodeIgniter.php(942): App\Controllers\Telegram->webhook()
 4 SYSTEMPATH\CodeIgniter.php(502): CodeIgniter\CodeIgniter->runController(Object(App\Controllers\Telegram))
 5 SYSTEMPATH\CodeIgniter.php(361): CodeIgniter\CodeIgniter->handleRequest(null, Object(Config\Cache), false)
 6 FCPATH\index.php(79): CodeIgniter\CodeIgniter->run()
CRITICAL - 2024-07-31 18:02:08 --> Call to undefined method App\Models\ChatbotModel::getCommandHelp
in SYSTEMPATH\Model.php on line 873.
 1 APPPATH\Controllers\Telegram.php(82): CodeIgniter\Model->__call('getCommandHelp', [])
 2 APPPATH\Controllers\Telegram.php(54): App\Controllers\Telegram->processMessage('hallo')
 3 SYSTEMPATH\CodeIgniter.php(942): App\Controllers\Telegram->webhook()
 4 SYSTEMPATH\CodeIgniter.php(502): CodeIgniter\CodeIgniter->runController(Object(App\Controllers\Telegram))
 5 SYSTEMPATH\CodeIgniter.php(361): CodeIgniter\CodeIgniter->handleRequest(null, Object(Config\Cache), false)
 6 FCPATH\index.php(79): CodeIgniter\CodeIgniter->run()
CRITICAL - 2024-07-31 18:04:19 --> Call to undefined method App\Models\ChatbotModel::getDetailKegiatan
in SYSTEMPATH\Model.php on line 873.
 1 APPPATH\Controllers\Telegram.php(78): CodeIgniter\Model->__call('getDetailKegiatan', [...])
 2 APPPATH\Controllers\Telegram.php(54): App\Controllers\Telegram->processMessage('detail kegiatan 1')
 3 SYSTEMPATH\CodeIgniter.php(942): App\Controllers\Telegram->webhook()
 4 SYSTEMPATH\CodeIgniter.php(502): CodeIgniter\CodeIgniter->runController(Object(App\Controllers\Telegram))
 5 SYSTEMPATH\CodeIgniter.php(361): CodeIgniter\CodeIgniter->handleRequest(null, Object(Config\Cache), false)
 6 FCPATH\index.php(79): CodeIgniter\CodeIgniter->run()
CRITICAL - 2024-07-31 18:04:20 --> Call to undefined method App\Models\ChatbotModel::getDetailKegiatan
in SYSTEMPATH\Model.php on line 873.
 1 APPPATH\Controllers\Telegram.php(78): CodeIgniter\Model->__call('getDetailKegiatan', [...])
 2 APPPATH\Controllers\Telegram.php(54): App\Controllers\Telegram->processMessage('detail kegiatan 1')
 3 SYSTEMPATH\CodeIgniter.php(942): App\Controllers\Telegram->webhook()
 4 SYSTEMPATH\CodeIgniter.php(502): CodeIgniter\CodeIgniter->runController(Object(App\Controllers\Telegram))
 5 SYSTEMPATH\CodeIgniter.php(361): CodeIgniter\CodeIgniter->handleRequest(null, Object(Config\Cache), false)
 6 FCPATH\index.php(79): CodeIgniter\CodeIgniter->run()
CRITICAL - 2024-07-31 18:04:23 --> Call to undefined method App\Models\ChatbotModel::getDetailKegiatan
in SYSTEMPATH\Model.php on line 873.
 1 APPPATH\Controllers\Telegram.php(78): CodeIgniter\Model->__call('getDetailKegiatan', [...])
 2 APPPATH\Controllers\Telegram.php(54): App\Controllers\Telegram->processMessage('detail kegiatan 1')
 3 SYSTEMPATH\CodeIgniter.php(942): App\Controllers\Telegram->webhook()
 4 SYSTEMPATH\CodeIgniter.php(502): CodeIgniter\CodeIgniter->runController(Object(App\Controllers\Telegram))
 5 SYSTEMPATH\CodeIgniter.php(361): CodeIgniter\CodeIgniter->handleRequest(null, Object(Config\Cache), false)
 6 FCPATH\index.php(79): CodeIgniter\CodeIgniter->run()
CRITICAL - 2024-07-31 18:04:27 --> Call to undefined method App\Models\ChatbotModel::getDetailKegiatan
in SYSTEMPATH\Model.php on line 873.
 1 APPPATH\Controllers\Telegram.php(78): CodeIgniter\Model->__call('getDetailKegiatan', [...])
 2 APPPATH\Controllers\Telegram.php(54): App\Controllers\Telegram->processMessage('detail kegiatan 1')
 3 SYSTEMPATH\CodeIgniter.php(942): App\Controllers\Telegram->webhook()
 4 SYSTEMPATH\CodeIgniter.php(502): CodeIgniter\CodeIgniter->runController(Object(App\Controllers\Telegram))
 5 SYSTEMPATH\CodeIgniter.php(361): CodeIgniter\CodeIgniter->handleRequest(null, Object(Config\Cache), false)
 6 FCPATH\index.php(79): CodeIgniter\CodeIgniter->run()
CRITICAL - 2024-07-31 18:04:36 --> Call to undefined method App\Models\ChatbotModel::getDetailKegiatan
in SYSTEMPATH\Model.php on line 873.
 1 APPPATH\Controllers\Telegram.php(78): CodeIgniter\Model->__call('getDetailKegiatan', [...])
 2 APPPATH\Controllers\Telegram.php(54): App\Controllers\Telegram->processMessage('detail kegiatan 1')
 3 SYSTEMPATH\CodeIgniter.php(942): App\Controllers\Telegram->webhook()
 4 SYSTEMPATH\CodeIgniter.php(502): CodeIgniter\CodeIgniter->runController(Object(App\Controllers\Telegram))
 5 SYSTEMPATH\CodeIgniter.php(361): CodeIgniter\CodeIgniter->handleRequest(null, Object(Config\Cache), false)
 6 FCPATH\index.php(79): CodeIgniter\CodeIgniter->run()
CRITICAL - 2024-07-31 18:04:53 --> Call to undefined method App\Models\ChatbotModel::getDetailKegiatan
in SYSTEMPATH\Model.php on line 873.
 1 APPPATH\Controllers\Telegram.php(78): CodeIgniter\Model->__call('getDetailKegiatan', [...])
 2 APPPATH\Controllers\Telegram.php(54): App\Controllers\Telegram->processMessage('detail kegiatan 1')
 3 SYSTEMPATH\CodeIgniter.php(942): App\Controllers\Telegram->webhook()
 4 SYSTEMPATH\CodeIgniter.php(502): CodeIgniter\CodeIgniter->runController(Object(App\Controllers\Telegram))
 5 SYSTEMPATH\CodeIgniter.php(361): CodeIgniter\CodeIgniter->handleRequest(null, Object(Config\Cache), false)
 6 FCPATH\index.php(79): CodeIgniter\CodeIgniter->run()
CRITICAL - 2024-07-31 18:05:25 --> Call to undefined method App\Models\ChatbotModel::getDetailKegiatan
in SYSTEMPATH\Model.php on line 873.
 1 APPPATH\Controllers\Telegram.php(78): CodeIgniter\Model->__call('getDetailKegiatan', [...])
 2 APPPATH\Controllers\Telegram.php(54): App\Controllers\Telegram->processMessage('detail kegiatan 1')
 3 SYSTEMPATH\CodeIgniter.php(942): App\Controllers\Telegram->webhook()
 4 SYSTEMPATH\CodeIgniter.php(502): CodeIgniter\CodeIgniter->runController(Object(App\Controllers\Telegram))
 5 SYSTEMPATH\CodeIgniter.php(361): CodeIgniter\CodeIgniter->handleRequest(null, Object(Config\Cache), false)
 6 FCPATH\index.php(79): CodeIgniter\CodeIgniter->run()
CRITICAL - 2024-07-31 18:07:35 --> Call to undefined method App\Models\ChatbotModel::getDetailKegiatan
in SYSTEMPATH\Model.php on line 873.
 1 APPPATH\Controllers\Telegram.php(78): CodeIgniter\Model->__call('getDetailKegiatan', [...])
 2 APPPATH\Controllers\Telegram.php(54): App\Controllers\Telegram->processMessage('detail kegiatan 2')
 3 SYSTEMPATH\CodeIgniter.php(942): App\Controllers\Telegram->webhook()
 4 SYSTEMPATH\CodeIgniter.php(502): CodeIgniter\CodeIgniter->runController(Object(App\Controllers\Telegram))
 5 SYSTEMPATH\CodeIgniter.php(361): CodeIgniter\CodeIgniter->handleRequest(null, Object(Config\Cache), false)
 6 FCPATH\index.php(79): CodeIgniter\CodeIgniter->run()
CRITICAL - 2024-07-31 18:07:36 --> Call to undefined method App\Models\ChatbotModel::getDetailKegiatan
in SYSTEMPATH\Model.php on line 873.
 1 APPPATH\Controllers\Telegram.php(78): CodeIgniter\Model->__call('getDetailKegiatan', [...])
 2 APPPATH\Controllers\Telegram.php(54): App\Controllers\Telegram->processMessage('detail kegiatan 2')
 3 SYSTEMPATH\CodeIgniter.php(942): App\Controllers\Telegram->webhook()
 4 SYSTEMPATH\CodeIgniter.php(502): CodeIgniter\CodeIgniter->runController(Object(App\Controllers\Telegram))
 5 SYSTEMPATH\CodeIgniter.php(361): CodeIgniter\CodeIgniter->handleRequest(null, Object(Config\Cache), false)
 6 FCPATH\index.php(79): CodeIgniter\CodeIgniter->run()
CRITICAL - 2024-07-31 18:07:38 --> Call to undefined method App\Models\ChatbotModel::getDetailKegiatan
in SYSTEMPATH\Model.php on line 873.
 1 APPPATH\Controllers\Telegram.php(78): CodeIgniter\Model->__call('getDetailKegiatan', [...])
 2 APPPATH\Controllers\Telegram.php(54): App\Controllers\Telegram->processMessage('detail kegiatan 2')
 3 SYSTEMPATH\CodeIgniter.php(942): App\Controllers\Telegram->webhook()
 4 SYSTEMPATH\CodeIgniter.php(502): CodeIgniter\CodeIgniter->runController(Object(App\Controllers\Telegram))
 5 SYSTEMPATH\CodeIgniter.php(361): CodeIgniter\CodeIgniter->handleRequest(null, Object(Config\Cache), false)
 6 FCPATH\index.php(79): CodeIgniter\CodeIgniter->run()
CRITICAL - 2024-07-31 18:07:43 --> Call to undefined method App\Models\ChatbotModel::getDetailKegiatan
in SYSTEMPATH\Model.php on line 873.
 1 APPPATH\Controllers\Telegram.php(78): CodeIgniter\Model->__call('getDetailKegiatan', [...])
 2 APPPATH\Controllers\Telegram.php(54): App\Controllers\Telegram->processMessage('detail kegiatan 2')
 3 SYSTEMPATH\CodeIgniter.php(942): App\Controllers\Telegram->webhook()
 4 SYSTEMPATH\CodeIgniter.php(502): CodeIgniter\CodeIgniter->runController(Object(App\Controllers\Telegram))
 5 SYSTEMPATH\CodeIgniter.php(361): CodeIgniter\CodeIgniter->handleRequest(null, Object(Config\Cache), false)
 6 FCPATH\index.php(79): CodeIgniter\CodeIgniter->run()
CRITICAL - 2024-07-31 18:07:53 --> Call to undefined method App\Models\ChatbotModel::getDetailKegiatan
in SYSTEMPATH\Model.php on line 873.
 1 APPPATH\Controllers\Telegram.php(78): CodeIgniter\Model->__call('getDetailKegiatan', [...])
 2 APPPATH\Controllers\Telegram.php(54): App\Controllers\Telegram->processMessage('detail kegiatan 2')
 3 SYSTEMPATH\CodeIgniter.php(942): App\Controllers\Telegram->webhook()
 4 SYSTEMPATH\CodeIgniter.php(502): CodeIgniter\CodeIgniter->runController(Object(App\Controllers\Telegram))
 5 SYSTEMPATH\CodeIgniter.php(361): CodeIgniter\CodeIgniter->handleRequest(null, Object(Config\Cache), false)
 6 FCPATH\index.php(79): CodeIgniter\CodeIgniter->run()
CRITICAL - 2024-07-31 18:08:09 --> Call to undefined method App\Models\ChatbotModel::getDetailKegiatan
in SYSTEMPATH\Model.php on line 873.
 1 APPPATH\Controllers\Telegram.php(78): CodeIgniter\Model->__call('getDetailKegiatan', [...])
 2 APPPATH\Controllers\Telegram.php(54): App\Controllers\Telegram->processMessage('detail kegiatan 2')
 3 SYSTEMPATH\CodeIgniter.php(942): App\Controllers\Telegram->webhook()
 4 SYSTEMPATH\CodeIgniter.php(502): CodeIgniter\CodeIgniter->runController(Object(App\Controllers\Telegram))
 5 SYSTEMPATH\CodeIgniter.php(361): CodeIgniter\CodeIgniter->handleRequest(null, Object(Config\Cache), false)
 6 FCPATH\index.php(79): CodeIgniter\CodeIgniter->run()
CRITICAL - 2024-07-31 18:08:42 --> Call to undefined method App\Models\ChatbotModel::getDetailKegiatan
in SYSTEMPATH\Model.php on line 873.
 1 APPPATH\Controllers\Telegram.php(78): CodeIgniter\Model->__call('getDetailKegiatan', [...])
 2 APPPATH\Controllers\Telegram.php(54): App\Controllers\Telegram->processMessage('detail kegiatan 2')
 3 SYSTEMPATH\CodeIgniter.php(942): App\Controllers\Telegram->webhook()
 4 SYSTEMPATH\CodeIgniter.php(502): CodeIgniter\CodeIgniter->runController(Object(App\Controllers\Telegram))
 5 SYSTEMPATH\CodeIgniter.php(361): CodeIgniter\CodeIgniter->handleRequest(null, Object(Config\Cache), false)
 6 FCPATH\index.php(79): CodeIgniter\CodeIgniter->run()
CRITICAL - 2024-07-31 18:09:47 --> Call to undefined method App\Models\ChatbotModel::getDetailKegiatan
in SYSTEMPATH\Model.php on line 873.
 1 APPPATH\Controllers\Telegram.php(78): CodeIgniter\Model->__call('getDetailKegiatan', [...])
 2 APPPATH\Controllers\Telegram.php(54): App\Controllers\Telegram->processMessage('detail kegiatan 2')
 3 SYSTEMPATH\CodeIgniter.php(942): App\Controllers\Telegram->webhook()
 4 SYSTEMPATH\CodeIgniter.php(502): CodeIgniter\CodeIgniter->runController(Object(App\Controllers\Telegram))
 5 SYSTEMPATH\CodeIgniter.php(361): CodeIgniter\CodeIgniter->handleRequest(null, Object(Config\Cache), false)
 6 FCPATH\index.php(79): CodeIgniter\CodeIgniter->run()
CRITICAL - 2024-07-31 18:10:59 --> Call to undefined method App\Models\ChatbotModel::getDetailKegiatan
in SYSTEMPATH\Model.php on line 873.
 1 APPPATH\Controllers\Telegram.php(78): CodeIgniter\Model->__call('getDetailKegiatan', [...])
 2 APPPATH\Controllers\Telegram.php(54): App\Controllers\Telegram->processMessage('detail kegiatan 2')
 3 SYSTEMPATH\CodeIgniter.php(942): App\Controllers\Telegram->webhook()
 4 SYSTEMPATH\CodeIgniter.php(502): CodeIgniter\CodeIgniter->runController(Object(App\Controllers\Telegram))
 5 SYSTEMPATH\CodeIgniter.php(361): CodeIgniter\CodeIgniter->handleRequest(null, Object(Config\Cache), false)
 6 FCPATH\index.php(79): CodeIgniter\CodeIgniter->run()
CRITICAL - 2024-07-31 18:12:03 --> Call to undefined method App\Models\ChatbotModel::getDetailKegiatan
in SYSTEMPATH\Model.php on line 873.
 1 APPPATH\Controllers\Telegram.php(78): CodeIgniter\Model->__call('getDetailKegiatan', [...])
 2 APPPATH\Controllers\Telegram.php(54): App\Controllers\Telegram->processMessage('detail kegiatan 2')
 3 SYSTEMPATH\CodeIgniter.php(942): App\Controllers\Telegram->webhook()
 4 SYSTEMPATH\CodeIgniter.php(502): CodeIgniter\CodeIgniter->runController(Object(App\Controllers\Telegram))
 5 SYSTEMPATH\CodeIgniter.php(361): CodeIgniter\CodeIgniter->handleRequest(null, Object(Config\Cache), false)
 6 FCPATH\index.php(79): CodeIgniter\CodeIgniter->run()
INFO - 2024-07-31 20:47:48 --> Session: Class initialized using 'CodeIgniter\Session\Handlers\FileHandler' driver.
INFO - 2024-07-31 20:47:49 --> Session: Class initialized using 'CodeIgniter\Session\Handlers\FileHandler' driver.
INFO - 2024-07-31 20:48:16 --> Session: Class initialized using 'CodeIgniter\Session\Handlers\FileHandler' driver.
INFO - 2024-07-31 20:48:17 --> Session: Class initialized using 'CodeIgniter\Session\Handlers\FileHandler' driver.
INFO - 2024-07-31 20:48:28 --> Session: Class initialized using 'CodeIgniter\Session\Handlers\FileHandler' driver.
INFO - 2024-07-31 20:48:43 --> Session: Class initialized using 'CodeIgniter\Session\Handlers\FileHandler' driver.
INFO - 2024-07-31 20:48:43 --> Session: Class initialized using 'CodeIgniter\Session\Handlers\FileHandler' driver.
INFO - 2024-07-31 20:48:59 --> Session: Class initialized using 'CodeIgniter\Session\Handlers\FileHandler' driver.
INFO - 2024-07-31 20:49:00 --> Session: Class initialized using 'CodeIgniter\Session\Handlers\FileHandler' driver.
INFO - 2024-07-31 20:49:23 --> Session: Class initialized using 'CodeIgniter\Session\Handlers\FileHandler' driver.
INFO - 2024-07-31 20:49:23 --> Session: Class initialized using 'CodeIgniter\Session\Handlers\FileHandler' driver.
CRITICAL - 2024-07-31 22:51:12 --> Method Illuminate\Support\Collection::getChat does not exist.
in VENDORPATH\illuminate\macroable\Traits\Macroable.php on line 112.
 1 APPPATH\Controllers\Telegram.php(50): Illuminate\Support\Collection->__call('getChat', [])
 2 SYSTEMPATH\CodeIgniter.php(942): App\Controllers\Telegram->webhook()
 3 SYSTEMPATH\CodeIgniter.php(502): CodeIgniter\CodeIgniter->runController(Object(App\Controllers\Telegram))
 4 SYSTEMPATH\CodeIgniter.php(361): CodeIgniter\CodeIgniter->handleRequest(null, Object(Config\Cache), false)
 5 FCPATH\index.php(79): CodeIgniter\CodeIgniter->run()
CRITICAL - 2024-07-31 22:51:13 --> Method Illuminate\Support\Collection::getChat does not exist.
in VENDORPATH\illuminate\macroable\Traits\Macroable.php on line 112.
 1 APPPATH\Controllers\Telegram.php(50): Illuminate\Support\Collection->__call('getChat', [])
 2 SYSTEMPATH\CodeIgniter.php(942): App\Controllers\Telegram->webhook()
 3 SYSTEMPATH\CodeIgniter.php(502): CodeIgniter\CodeIgniter->runController(Object(App\Controllers\Telegram))
 4 SYSTEMPATH\CodeIgniter.php(361): CodeIgniter\CodeIgniter->handleRequest(null, Object(Config\Cache), false)
 5 FCPATH\index.php(79): CodeIgniter\CodeIgniter->run()
CRITICAL - 2024-07-31 22:51:15 --> Method Illuminate\Support\Collection::getChat does not exist.
in VENDORPATH\illuminate\macroable\Traits\Macroable.php on line 112.
 1 APPPATH\Controllers\Telegram.php(50): Illuminate\Support\Collection->__call('getChat', [])
 2 SYSTEMPATH\CodeIgniter.php(942): App\Controllers\Telegram->webhook()
 3 SYSTEMPATH\CodeIgniter.php(502): CodeIgniter\CodeIgniter->runController(Object(App\Controllers\Telegram))
 4 SYSTEMPATH\CodeIgniter.php(361): CodeIgniter\CodeIgniter->handleRequest(null, Object(Config\Cache), false)
 5 FCPATH\index.php(79): CodeIgniter\CodeIgniter->run()
CRITICAL - 2024-07-31 22:51:20 --> Method Illuminate\Support\Collection::getChat does not exist.
in VENDORPATH\illuminate\macroable\Traits\Macroable.php on line 112.
 1 APPPATH\Controllers\Telegram.php(50): Illuminate\Support\Collection->__call('getChat', [])
 2 SYSTEMPATH\CodeIgniter.php(942): App\Controllers\Telegram->webhook()
 3 SYSTEMPATH\CodeIgniter.php(502): CodeIgniter\CodeIgniter->runController(Object(App\Controllers\Telegram))
 4 SYSTEMPATH\CodeIgniter.php(361): CodeIgniter\CodeIgniter->handleRequest(null, Object(Config\Cache), false)
 5 FCPATH\index.php(79): CodeIgniter\CodeIgniter->run()
CRITICAL - 2024-07-31 22:51:29 --> Method Illuminate\Support\Collection::getChat does not exist.
in VENDORPATH\illuminate\macroable\Traits\Macroable.php on line 112.
 1 APPPATH\Controllers\Telegram.php(50): Illuminate\Support\Collection->__call('getChat', [])
 2 SYSTEMPATH\CodeIgniter.php(942): App\Controllers\Telegram->webhook()
 3 SYSTEMPATH\CodeIgniter.php(502): CodeIgniter\CodeIgniter->runController(Object(App\Controllers\Telegram))
 4 SYSTEMPATH\CodeIgniter.php(361): CodeIgniter\CodeIgniter->handleRequest(null, Object(Config\Cache), false)
 5 FCPATH\index.php(79): CodeIgniter\CodeIgniter->run()
CRITICAL - 2024-07-31 22:51:45 --> Method Illuminate\Support\Collection::getChat does not exist.
in VENDORPATH\illuminate\macroable\Traits\Macroable.php on line 112.
 1 APPPATH\Controllers\Telegram.php(50): Illuminate\Support\Collection->__call('getChat', [])
 2 SYSTEMPATH\CodeIgniter.php(942): App\Controllers\Telegram->webhook()
 3 SYSTEMPATH\CodeIgniter.php(502): CodeIgniter\CodeIgniter->runController(Object(App\Controllers\Telegram))
 4 SYSTEMPATH\CodeIgniter.php(361): CodeIgniter\CodeIgniter->handleRequest(null, Object(Config\Cache), false)
 5 FCPATH\index.php(79): CodeIgniter\CodeIgniter->run()
CRITICAL - 2024-07-31 22:52:18 --> Method Illuminate\Support\Collection::getChat does not exist.
in VENDORPATH\illuminate\macroable\Traits\Macroable.php on line 112.
 1 APPPATH\Controllers\Telegram.php(50): Illuminate\Support\Collection->__call('getChat', [])
 2 SYSTEMPATH\CodeIgniter.php(942): App\Controllers\Telegram->webhook()
 3 SYSTEMPATH\CodeIgniter.php(502): CodeIgniter\CodeIgniter->runController(Object(App\Controllers\Telegram))
 4 SYSTEMPATH\CodeIgniter.php(361): CodeIgniter\CodeIgniter->handleRequest(null, Object(Config\Cache), false)
 5 FCPATH\index.php(79): CodeIgniter\CodeIgniter->run()
CRITICAL - 2024-07-31 22:53:21 --> Method Illuminate\Support\Collection::getChat does not exist.
in VENDORPATH\illuminate\macroable\Traits\Macroable.php on line 112.
 1 APPPATH\Controllers\Telegram.php(50): Illuminate\Support\Collection->__call('getChat', [])
 2 SYSTEMPATH\CodeIgniter.php(942): App\Controllers\Telegram->webhook()
 3 SYSTEMPATH\CodeIgniter.php(502): CodeIgniter\CodeIgniter->runController(Object(App\Controllers\Telegram))
 4 SYSTEMPATH\CodeIgniter.php(361): CodeIgniter\CodeIgniter->handleRequest(null, Object(Config\Cache), false)
 5 FCPATH\index.php(79): CodeIgniter\CodeIgniter->run()
CRITICAL - 2024-07-31 22:54:34 --> Method Illuminate\Support\Collection::getChat does not exist.
in VENDORPATH\illuminate\macroable\Traits\Macroable.php on line 112.
 1 APPPATH\Controllers\Telegram.php(50): Illuminate\Support\Collection->__call('getChat', [])
 2 SYSTEMPATH\CodeIgniter.php(942): App\Controllers\Telegram->webhook()
 3 SYSTEMPATH\CodeIgniter.php(502): CodeIgniter\CodeIgniter->runController(Object(App\Controllers\Telegram))
 4 SYSTEMPATH\CodeIgniter.php(361): CodeIgniter\CodeIgniter->handleRequest(null, Object(Config\Cache), false)
 5 FCPATH\index.php(79): CodeIgniter\CodeIgniter->run()
CRITICAL - 2024-07-31 22:55:44 --> Method Illuminate\Support\Collection::getChat does not exist.
in VENDORPATH\illuminate\macroable\Traits\Macroable.php on line 112.
 1 APPPATH\Controllers\Telegram.php(50): Illuminate\Support\Collection->__call('getChat', [])
 2 SYSTEMPATH\CodeIgniter.php(942): App\Controllers\Telegram->webhook()
 3 SYSTEMPATH\CodeIgniter.php(502): CodeIgniter\CodeIgniter->runController(Object(App\Controllers\Telegram))
 4 SYSTEMPATH\CodeIgniter.php(361): CodeIgniter\CodeIgniter->handleRequest(null, Object(Config\Cache), false)
 5 FCPATH\index.php(79): CodeIgniter\CodeIgniter->run()
CRITICAL - 2024-07-31 22:57:22 --> Method Illuminate\Support\Collection::getChat does not exist.
in VENDORPATH\illuminate\macroable\Traits\Macroable.php on line 112.
 1 APPPATH\Controllers\Telegram.php(50): Illuminate\Support\Collection->__call('getChat', [])
 2 SYSTEMPATH\CodeIgniter.php(942): App\Controllers\Telegram->webhook()
 3 SYSTEMPATH\CodeIgniter.php(502): CodeIgniter\CodeIgniter->runController(Object(App\Controllers\Telegram))
 4 SYSTEMPATH\CodeIgniter.php(361): CodeIgniter\CodeIgniter->handleRequest(null, Object(Config\Cache), false)
 5 FCPATH\index.php(79): CodeIgniter\CodeIgniter->run()
CRITICAL - 2024-07-31 22:58:30 --> Method Illuminate\Support\Collection::getChat does not exist.
in VENDORPATH\illuminate\macroable\Traits\Macroable.php on line 112.
 1 APPPATH\Controllers\Telegram.php(50): Illuminate\Support\Collection->__call('getChat', [])
 2 SYSTEMPATH\CodeIgniter.php(942): App\Controllers\Telegram->webhook()
 3 SYSTEMPATH\CodeIgniter.php(502): CodeIgniter\CodeIgniter->runController(Object(App\Controllers\Telegram))
 4 SYSTEMPATH\CodeIgniter.php(361): CodeIgniter\CodeIgniter->handleRequest(null, Object(Config\Cache), false)
 5 FCPATH\index.php(79): CodeIgniter\CodeIgniter->run()
CRITICAL - 2024-07-31 22:59:51 --> Method Illuminate\Support\Collection::getChat does not exist.
in VENDORPATH\illuminate\macroable\Traits\Macroable.php on line 112.
 1 APPPATH\Controllers\Telegram.php(50): Illuminate\Support\Collection->__call('getChat', [])
 2 SYSTEMPATH\CodeIgniter.php(942): App\Controllers\Telegram->webhook()
 3 SYSTEMPATH\CodeIgniter.php(502): CodeIgniter\CodeIgniter->runController(Object(App\Controllers\Telegram))
 4 SYSTEMPATH\CodeIgniter.php(361): CodeIgniter\CodeIgniter->handleRequest(null, Object(Config\Cache), false)
 5 FCPATH\index.php(79): CodeIgniter\CodeIgniter->run()
CRITICAL - 2024-07-31 23:01:32 --> Method Illuminate\Support\Collection::getChat does not exist.
in VENDORPATH\illuminate\macroable\Traits\Macroable.php on line 112.
 1 APPPATH\Controllers\Telegram.php(50): Illuminate\Support\Collection->__call('getChat', [])
 2 SYSTEMPATH\CodeIgniter.php(942): App\Controllers\Telegram->webhook()
 3 SYSTEMPATH\CodeIgniter.php(502): CodeIgniter\CodeIgniter->runController(Object(App\Controllers\Telegram))
 4 SYSTEMPATH\CodeIgniter.php(361): CodeIgniter\CodeIgniter->handleRequest(null, Object(Config\Cache), false)
 5 FCPATH\index.php(79): CodeIgniter\CodeIgniter->run()
CRITICAL - 2024-07-31 23:02:43 --> Method Illuminate\Support\Collection::getChat does not exist.
in VENDORPATH\illuminate\macroable\Traits\Macroable.php on line 112.
 1 APPPATH\Controllers\Telegram.php(50): Illuminate\Support\Collection->__call('getChat', [])
 2 SYSTEMPATH\CodeIgniter.php(942): App\Controllers\Telegram->webhook()
 3 SYSTEMPATH\CodeIgniter.php(502): CodeIgniter\CodeIgniter->runController(Object(App\Controllers\Telegram))
 4 SYSTEMPATH\CodeIgniter.php(361): CodeIgniter\CodeIgniter->handleRequest(null, Object(Config\Cache), false)
 5 FCPATH\index.php(79): CodeIgniter\CodeIgniter->run()
CRITICAL - 2024-07-31 23:04:04 --> Method Illuminate\Support\Collection::getChat does not exist.
in VENDORPATH\illuminate\macroable\Traits\Macroable.php on line 112.
 1 APPPATH\Controllers\Telegram.php(50): Illuminate\Support\Collection->__call('getChat', [])
 2 SYSTEMPATH\CodeIgniter.php(942): App\Controllers\Telegram->webhook()
 3 SYSTEMPATH\CodeIgniter.php(502): CodeIgniter\CodeIgniter->runController(Object(App\Controllers\Telegram))
 4 SYSTEMPATH\CodeIgniter.php(361): CodeIgniter\CodeIgniter->handleRequest(null, Object(Config\Cache), false)
 5 FCPATH\index.php(79): CodeIgniter\CodeIgniter->run()
CRITICAL - 2024-07-31 23:05:31 --> Method Illuminate\Support\Collection::getChat does not exist.
in VENDORPATH\illuminate\macroable\Traits\Macroable.php on line 112.
 1 APPPATH\Controllers\Telegram.php(50): Illuminate\Support\Collection->__call('getChat', [])
 2 SYSTEMPATH\CodeIgniter.php(942): App\Controllers\Telegram->webhook()
 3 SYSTEMPATH\CodeIgniter.php(502): CodeIgniter\CodeIgniter->runController(Object(App\Controllers\Telegram))
 4 SYSTEMPATH\CodeIgniter.php(361): CodeIgniter\CodeIgniter->handleRequest(null, Object(Config\Cache), false)
 5 FCPATH\index.php(79): CodeIgniter\CodeIgniter->run()
CRITICAL - 2024-07-31 23:06:38 --> Method Illuminate\Support\Collection::getChat does not exist.
in VENDORPATH\illuminate\macroable\Traits\Macroable.php on line 112.
 1 APPPATH\Controllers\Telegram.php(50): Illuminate\Support\Collection->__call('getChat', [])
 2 SYSTEMPATH\CodeIgniter.php(942): App\Controllers\Telegram->webhook()
 3 SYSTEMPATH\CodeIgniter.php(502): CodeIgniter\CodeIgniter->runController(Object(App\Controllers\Telegram))
 4 SYSTEMPATH\CodeIgniter.php(361): CodeIgniter\CodeIgniter->handleRequest(null, Object(Config\Cache), false)
 5 FCPATH\index.php(79): CodeIgniter\CodeIgniter->run()
CRITICAL - 2024-07-31 23:08:20 --> Method Illuminate\Support\Collection::getChat does not exist.
in VENDORPATH\illuminate\macroable\Traits\Macroable.php on line 112.
 1 APPPATH\Controllers\Telegram.php(50): Illuminate\Support\Collection->__call('getChat', [])
 2 SYSTEMPATH\CodeIgniter.php(942): App\Controllers\Telegram->webhook()
 3 SYSTEMPATH\CodeIgniter.php(502): CodeIgniter\CodeIgniter->runController(Object(App\Controllers\Telegram))
 4 SYSTEMPATH\CodeIgniter.php(361): CodeIgniter\CodeIgniter->handleRequest(null, Object(Config\Cache), false)
 5 FCPATH\index.php(79): CodeIgniter\CodeIgniter->run()
CRITICAL - 2024-07-31 23:09:56 --> Method Illuminate\Support\Collection::getChat does not exist.
in VENDORPATH\illuminate\macroable\Traits\Macroable.php on line 112.
 1 APPPATH\Controllers\Telegram.php(50): Illuminate\Support\Collection->__call('getChat', [])
 2 SYSTEMPATH\CodeIgniter.php(942): App\Controllers\Telegram->webhook()
 3 SYSTEMPATH\CodeIgniter.php(502): CodeIgniter\CodeIgniter->runController(Object(App\Controllers\Telegram))
 4 SYSTEMPATH\CodeIgniter.php(361): CodeIgniter\CodeIgniter->handleRequest(null, Object(Config\Cache), false)
 5 FCPATH\index.php(79): CodeIgniter\CodeIgniter->run()
CRITICAL - 2024-07-31 23:11:17 --> Method Illuminate\Support\Collection::getChat does not exist.
in VENDORPATH\illuminate\macroable\Traits\Macroable.php on line 112.
 1 APPPATH\Controllers\Telegram.php(50): Illuminate\Support\Collection->__call('getChat', [])
 2 SYSTEMPATH\CodeIgniter.php(942): App\Controllers\Telegram->webhook()
 3 SYSTEMPATH\CodeIgniter.php(502): CodeIgniter\CodeIgniter->runController(Object(App\Controllers\Telegram))
 4 SYSTEMPATH\CodeIgniter.php(361): CodeIgniter\CodeIgniter->handleRequest(null, Object(Config\Cache), false)
 5 FCPATH\index.php(79): CodeIgniter\CodeIgniter->run()
CRITICAL - 2024-07-31 23:12:59 --> Method Illuminate\Support\Collection::getChat does not exist.
in VENDORPATH\illuminate\macroable\Traits\Macroable.php on line 112.
 1 APPPATH\Controllers\Telegram.php(50): Illuminate\Support\Collection->__call('getChat', [])
 2 SYSTEMPATH\CodeIgniter.php(942): App\Controllers\Telegram->webhook()
 3 SYSTEMPATH\CodeIgniter.php(502): CodeIgniter\CodeIgniter->runController(Object(App\Controllers\Telegram))
 4 SYSTEMPATH\CodeIgniter.php(361): CodeIgniter\CodeIgniter->handleRequest(null, Object(Config\Cache), false)
 5 FCPATH\index.php(79): CodeIgniter\CodeIgniter->run()
CRITICAL - 2024-07-31 23:14:52 --> Method Illuminate\Support\Collection::getChat does not exist.
in VENDORPATH\illuminate\macroable\Traits\Macroable.php on line 112.
 1 APPPATH\Controllers\Telegram.php(50): Illuminate\Support\Collection->__call('getChat', [])
 2 SYSTEMPATH\CodeIgniter.php(942): App\Controllers\Telegram->webhook()
 3 SYSTEMPATH\CodeIgniter.php(502): CodeIgniter\CodeIgniter->runController(Object(App\Controllers\Telegram))
 4 SYSTEMPATH\CodeIgniter.php(361): CodeIgniter\CodeIgniter->handleRequest(null, Object(Config\Cache), false)
 5 FCPATH\index.php(79): CodeIgniter\CodeIgniter->run()
CRITICAL - 2024-07-31 23:16:13 --> Method Illuminate\Support\Collection::getChat does not exist.
in VENDORPATH\illuminate\macroable\Traits\Macroable.php on line 112.
 1 APPPATH\Controllers\Telegram.php(50): Illuminate\Support\Collection->__call('getChat', [])
 2 SYSTEMPATH\CodeIgniter.php(942): App\Controllers\Telegram->webhook()
 3 SYSTEMPATH\CodeIgniter.php(502): CodeIgniter\CodeIgniter->runController(Object(App\Controllers\Telegram))
 4 SYSTEMPATH\CodeIgniter.php(361): CodeIgniter\CodeIgniter->handleRequest(null, Object(Config\Cache), false)
 5 FCPATH\index.php(79): CodeIgniter\CodeIgniter->run()
CRITICAL - 2024-07-31 23:17:51 --> Method Illuminate\Support\Collection::getChat does not exist.
in VENDORPATH\illuminate\macroable\Traits\Macroable.php on line 112.
 1 APPPATH\Controllers\Telegram.php(50): Illuminate\Support\Collection->__call('getChat', [])
 2 SYSTEMPATH\CodeIgniter.php(942): App\Controllers\Telegram->webhook()
 3 SYSTEMPATH\CodeIgniter.php(502): CodeIgniter\CodeIgniter->runController(Object(App\Controllers\Telegram))
 4 SYSTEMPATH\CodeIgniter.php(361): CodeIgniter\CodeIgniter->handleRequest(null, Object(Config\Cache), false)
 5 FCPATH\index.php(79): CodeIgniter\CodeIgniter->run()
CRITICAL - 2024-07-31 23:19:49 --> Method Illuminate\Support\Collection::getChat does not exist.
in VENDORPATH\illuminate\macroable\Traits\Macroable.php on line 112.
 1 APPPATH\Controllers\Telegram.php(50): Illuminate\Support\Collection->__call('getChat', [])
 2 SYSTEMPATH\CodeIgniter.php(942): App\Controllers\Telegram->webhook()
 3 SYSTEMPATH\CodeIgniter.php(502): CodeIgniter\CodeIgniter->runController(Object(App\Controllers\Telegram))
 4 SYSTEMPATH\CodeIgniter.php(361): CodeIgniter\CodeIgniter->handleRequest(null, Object(Config\Cache), false)
 5 FCPATH\index.php(79): CodeIgniter\CodeIgniter->run()
CRITICAL - 2024-07-31 23:20:54 --> Method Illuminate\Support\Collection::getChat does not exist.
in VENDORPATH\illuminate\macroable\Traits\Macroable.php on line 112.
 1 APPPATH\Controllers\Telegram.php(50): Illuminate\Support\Collection->__call('getChat', [])
 2 SYSTEMPATH\CodeIgniter.php(942): App\Controllers\Telegram->webhook()
 3 SYSTEMPATH\CodeIgniter.php(502): CodeIgniter\CodeIgniter->runController(Object(App\Controllers\Telegram))
 4 SYSTEMPATH\CodeIgniter.php(361): CodeIgniter\CodeIgniter->handleRequest(null, Object(Config\Cache), false)
 5 FCPATH\index.php(79): CodeIgniter\CodeIgniter->run()
CRITICAL - 2024-07-31 23:22:23 --> Method Illuminate\Support\Collection::getChat does not exist.
in VENDORPATH\illuminate\macroable\Traits\Macroable.php on line 112.
 1 APPPATH\Controllers\Telegram.php(50): Illuminate\Support\Collection->__call('getChat', [])
 2 SYSTEMPATH\CodeIgniter.php(942): App\Controllers\Telegram->webhook()
 3 SYSTEMPATH\CodeIgniter.php(502): CodeIgniter\CodeIgniter->runController(Object(App\Controllers\Telegram))
 4 SYSTEMPATH\CodeIgniter.php(361): CodeIgniter\CodeIgniter->handleRequest(null, Object(Config\Cache), false)
 5 FCPATH\index.php(79): CodeIgniter\CodeIgniter->run()
CRITICAL - 2024-07-31 23:23:35 --> Method Illuminate\Support\Collection::getChat does not exist.
in VENDORPATH\illuminate\macroable\Traits\Macroable.php on line 112.
 1 APPPATH\Controllers\Telegram.php(50): Illuminate\Support\Collection->__call('getChat', [])
 2 SYSTEMPATH\CodeIgniter.php(942): App\Controllers\Telegram->webhook()
 3 SYSTEMPATH\CodeIgniter.php(502): CodeIgniter\CodeIgniter->runController(Object(App\Controllers\Telegram))
 4 SYSTEMPATH\CodeIgniter.php(361): CodeIgniter\CodeIgniter->handleRequest(null, Object(Config\Cache), false)
 5 FCPATH\index.php(79): CodeIgniter\CodeIgniter->run()
CRITICAL - 2024-07-31 23:25:29 --> Method Illuminate\Support\Collection::getChat does not exist.
in VENDORPATH\illuminate\macroable\Traits\Macroable.php on line 112.
 1 APPPATH\Controllers\Telegram.php(50): Illuminate\Support\Collection->__call('getChat', [])
 2 SYSTEMPATH\CodeIgniter.php(942): App\Controllers\Telegram->webhook()
 3 SYSTEMPATH\CodeIgniter.php(502): CodeIgniter\CodeIgniter->runController(Object(App\Controllers\Telegram))
 4 SYSTEMPATH\CodeIgniter.php(361): CodeIgniter\CodeIgniter->handleRequest(null, Object(Config\Cache), false)
 5 FCPATH\index.php(79): CodeIgniter\CodeIgniter->run()
CRITICAL - 2024-07-31 23:27:27 --> Method Illuminate\Support\Collection::getChat does not exist.
in VENDORPATH\illuminate\macroable\Traits\Macroable.php on line 112.
 1 APPPATH\Controllers\Telegram.php(50): Illuminate\Support\Collection->__call('getChat', [])
 2 SYSTEMPATH\CodeIgniter.php(942): App\Controllers\Telegram->webhook()
 3 SYSTEMPATH\CodeIgniter.php(502): CodeIgniter\CodeIgniter->runController(Object(App\Controllers\Telegram))
 4 SYSTEMPATH\CodeIgniter.php(361): CodeIgniter\CodeIgniter->handleRequest(null, Object(Config\Cache), false)
 5 FCPATH\index.php(79): CodeIgniter\CodeIgniter->run()
CRITICAL - 2024-07-31 23:28:40 --> Method Illuminate\Support\Collection::getChat does not exist.
in VENDORPATH\illuminate\macroable\Traits\Macroable.php on line 112.
 1 APPPATH\Controllers\Telegram.php(50): Illuminate\Support\Collection->__call('getChat', [])
 2 SYSTEMPATH\CodeIgniter.php(942): App\Controllers\Telegram->webhook()
 3 SYSTEMPATH\CodeIgniter.php(502): CodeIgniter\CodeIgniter->runController(Object(App\Controllers\Telegram))
 4 SYSTEMPATH\CodeIgniter.php(361): CodeIgniter\CodeIgniter->handleRequest(null, Object(Config\Cache), false)
 5 FCPATH\index.php(79): CodeIgniter\CodeIgniter->run()
CRITICAL - 2024-07-31 23:29:42 --> Method Illuminate\Support\Collection::getChat does not exist.
in VENDORPATH\illuminate\macroable\Traits\Macroable.php on line 112.
 1 APPPATH\Controllers\Telegram.php(50): Illuminate\Support\Collection->__call('getChat', [])
 2 SYSTEMPATH\CodeIgniter.php(942): App\Controllers\Telegram->webhook()
 3 SYSTEMPATH\CodeIgniter.php(502): CodeIgniter\CodeIgniter->runController(Object(App\Controllers\Telegram))
 4 SYSTEMPATH\CodeIgniter.php(361): CodeIgniter\CodeIgniter->handleRequest(null, Object(Config\Cache), false)
 5 FCPATH\index.php(79): CodeIgniter\CodeIgniter->run()
CRITICAL - 2024-07-31 23:31:27 --> Method Illuminate\Support\Collection::getChat does not exist.
in VENDORPATH\illuminate\macroable\Traits\Macroable.php on line 112.
 1 APPPATH\Controllers\Telegram.php(50): Illuminate\Support\Collection->__call('getChat', [])
 2 SYSTEMPATH\CodeIgniter.php(942): App\Controllers\Telegram->webhook()
 3 SYSTEMPATH\CodeIgniter.php(502): CodeIgniter\CodeIgniter->runController(Object(App\Controllers\Telegram))
 4 SYSTEMPATH\CodeIgniter.php(361): CodeIgniter\CodeIgniter->handleRequest(null, Object(Config\Cache), false)
 5 FCPATH\index.php(79): CodeIgniter\CodeIgniter->run()
CRITICAL - 2024-07-31 23:32:44 --> Method Illuminate\Support\Collection::getChat does not exist.
in VENDORPATH\illuminate\macroable\Traits\Macroable.php on line 112.
 1 APPPATH\Controllers\Telegram.php(50): Illuminate\Support\Collection->__call('getChat', [])
 2 SYSTEMPATH\CodeIgniter.php(942): App\Controllers\Telegram->webhook()
 3 SYSTEMPATH\CodeIgniter.php(502): CodeIgniter\CodeIgniter->runController(Object(App\Controllers\Telegram))
 4 SYSTEMPATH\CodeIgniter.php(361): CodeIgniter\CodeIgniter->handleRequest(null, Object(Config\Cache), false)
 5 FCPATH\index.php(79): CodeIgniter\CodeIgniter->run()
CRITICAL - 2024-07-31 23:34:11 --> Method Illuminate\Support\Collection::getChat does not exist.
in VENDORPATH\illuminate\macroable\Traits\Macroable.php on line 112.
 1 APPPATH\Controllers\Telegram.php(50): Illuminate\Support\Collection->__call('getChat', [])
 2 SYSTEMPATH\CodeIgniter.php(942): App\Controllers\Telegram->webhook()
 3 SYSTEMPATH\CodeIgniter.php(502): CodeIgniter\CodeIgniter->runController(Object(App\Controllers\Telegram))
 4 SYSTEMPATH\CodeIgniter.php(361): CodeIgniter\CodeIgniter->handleRequest(null, Object(Config\Cache), false)
 5 FCPATH\index.php(79): CodeIgniter\CodeIgniter->run()
CRITICAL - 2024-07-31 23:35:55 --> Method Illuminate\Support\Collection::getChat does not exist.
in VENDORPATH\illuminate\macroable\Traits\Macroable.php on line 112.
 1 APPPATH\Controllers\Telegram.php(50): Illuminate\Support\Collection->__call('getChat', [])
 2 SYSTEMPATH\CodeIgniter.php(942): App\Controllers\Telegram->webhook()
 3 SYSTEMPATH\CodeIgniter.php(502): CodeIgniter\CodeIgniter->runController(Object(App\Controllers\Telegram))
 4 SYSTEMPATH\CodeIgniter.php(361): CodeIgniter\CodeIgniter->handleRequest(null, Object(Config\Cache), false)
 5 FCPATH\index.php(79): CodeIgniter\CodeIgniter->run()
CRITICAL - 2024-07-31 23:37:32 --> Method Illuminate\Support\Collection::getChat does not exist.
in VENDORPATH\illuminate\macroable\Traits\Macroable.php on line 112.
 1 APPPATH\Controllers\Telegram.php(50): Illuminate\Support\Collection->__call('getChat', [])
 2 SYSTEMPATH\CodeIgniter.php(942): App\Controllers\Telegram->webhook()
 3 SYSTEMPATH\CodeIgniter.php(502): CodeIgniter\CodeIgniter->runController(Object(App\Controllers\Telegram))
 4 SYSTEMPATH\CodeIgniter.php(361): CodeIgniter\CodeIgniter->handleRequest(null, Object(Config\Cache), false)
 5 FCPATH\index.php(79): CodeIgniter\CodeIgniter->run()
CRITICAL - 2024-07-31 23:38:54 --> Method Illuminate\Support\Collection::getChat does not exist.
in VENDORPATH\illuminate\macroable\Traits\Macroable.php on line 112.
 1 APPPATH\Controllers\Telegram.php(50): Illuminate\Support\Collection->__call('getChat', [])
 2 SYSTEMPATH\CodeIgniter.php(942): App\Controllers\Telegram->webhook()
 3 SYSTEMPATH\CodeIgniter.php(502): CodeIgniter\CodeIgniter->runController(Object(App\Controllers\Telegram))
 4 SYSTEMPATH\CodeIgniter.php(361): CodeIgniter\CodeIgniter->handleRequest(null, Object(Config\Cache), false)
 5 FCPATH\index.php(79): CodeIgniter\CodeIgniter->run()
CRITICAL - 2024-07-31 23:40:18 --> Method Illuminate\Support\Collection::getChat does not exist.
in VENDORPATH\illuminate\macroable\Traits\Macroable.php on line 112.
 1 APPPATH\Controllers\Telegram.php(50): Illuminate\Support\Collection->__call('getChat', [])
 2 SYSTEMPATH\CodeIgniter.php(942): App\Controllers\Telegram->webhook()
 3 SYSTEMPATH\CodeIgniter.php(502): CodeIgniter\CodeIgniter->runController(Object(App\Controllers\Telegram))
 4 SYSTEMPATH\CodeIgniter.php(361): CodeIgniter\CodeIgniter->handleRequest(null, Object(Config\Cache), false)
 5 FCPATH\index.php(79): CodeIgniter\CodeIgniter->run()
CRITICAL - 2024-07-31 23:42:01 --> Method Illuminate\Support\Collection::getChat does not exist.
in VENDORPATH\illuminate\macroable\Traits\Macroable.php on line 112.
 1 APPPATH\Controllers\Telegram.php(50): Illuminate\Support\Collection->__call('getChat', [])
 2 SYSTEMPATH\CodeIgniter.php(942): App\Controllers\Telegram->webhook()
 3 SYSTEMPATH\CodeIgniter.php(502): CodeIgniter\CodeIgniter->runController(Object(App\Controllers\Telegram))
 4 SYSTEMPATH\CodeIgniter.php(361): CodeIgniter\CodeIgniter->handleRequest(null, Object(Config\Cache), false)
 5 FCPATH\index.php(79): CodeIgniter\CodeIgniter->run()
CRITICAL - 2024-07-31 23:43:28 --> Method Illuminate\Support\Collection::getChat does not exist.
in VENDORPATH\illuminate\macroable\Traits\Macroable.php on line 112.
 1 APPPATH\Controllers\Telegram.php(50): Illuminate\Support\Collection->__call('getChat', [])
 2 SYSTEMPATH\CodeIgniter.php(942): App\Controllers\Telegram->webhook()
 3 SYSTEMPATH\CodeIgniter.php(502): CodeIgniter\CodeIgniter->runController(Object(App\Controllers\Telegram))
 4 SYSTEMPATH\CodeIgniter.php(361): CodeIgniter\CodeIgniter->handleRequest(null, Object(Config\Cache), false)
 5 FCPATH\index.php(79): CodeIgniter\CodeIgniter->run()
CRITICAL - 2024-07-31 23:45:05 --> Method Illuminate\Support\Collection::getChat does not exist.
in VENDORPATH\illuminate\macroable\Traits\Macroable.php on line 112.
 1 APPPATH\Controllers\Telegram.php(50): Illuminate\Support\Collection->__call('getChat', [])
 2 SYSTEMPATH\CodeIgniter.php(942): App\Controllers\Telegram->webhook()
 3 SYSTEMPATH\CodeIgniter.php(502): CodeIgniter\CodeIgniter->runController(Object(App\Controllers\Telegram))
 4 SYSTEMPATH\CodeIgniter.php(361): CodeIgniter\CodeIgniter->handleRequest(null, Object(Config\Cache), false)
 5 FCPATH\index.php(79): CodeIgniter\CodeIgniter->run()
CRITICAL - 2024-07-31 23:46:54 --> Method Illuminate\Support\Collection::getChat does not exist.
in VENDORPATH\illuminate\macroable\Traits\Macroable.php on line 112.
 1 APPPATH\Controllers\Telegram.php(50): Illuminate\Support\Collection->__call('getChat', [])
 2 SYSTEMPATH\CodeIgniter.php(942): App\Controllers\Telegram->webhook()
 3 SYSTEMPATH\CodeIgniter.php(502): CodeIgniter\CodeIgniter->runController(Object(App\Controllers\Telegram))
 4 SYSTEMPATH\CodeIgniter.php(361): CodeIgniter\CodeIgniter->handleRequest(null, Object(Config\Cache), false)
 5 FCPATH\index.php(79): CodeIgniter\CodeIgniter->run()
CRITICAL - 2024-07-31 23:48:41 --> Method Illuminate\Support\Collection::getChat does not exist.
in VENDORPATH\illuminate\macroable\Traits\Macroable.php on line 112.
 1 APPPATH\Controllers\Telegram.php(50): Illuminate\Support\Collection->__call('getChat', [])
 2 SYSTEMPATH\CodeIgniter.php(942): App\Controllers\Telegram->webhook()
 3 SYSTEMPATH\CodeIgniter.php(502): CodeIgniter\CodeIgniter->runController(Object(App\Controllers\Telegram))
 4 SYSTEMPATH\CodeIgniter.php(361): CodeIgniter\CodeIgniter->handleRequest(null, Object(Config\Cache), false)
 5 FCPATH\index.php(79): CodeIgniter\CodeIgniter->run()
CRITICAL - 2024-07-31 23:50:33 --> Method Illuminate\Support\Collection::getChat does not exist.
in VENDORPATH\illuminate\macroable\Traits\Macroable.php on line 112.
 1 APPPATH\Controllers\Telegram.php(50): Illuminate\Support\Collection->__call('getChat', [])
 2 SYSTEMPATH\CodeIgniter.php(942): App\Controllers\Telegram->webhook()
 3 SYSTEMPATH\CodeIgniter.php(502): CodeIgniter\CodeIgniter->runController(Object(App\Controllers\Telegram))
 4 SYSTEMPATH\CodeIgniter.php(361): CodeIgniter\CodeIgniter->handleRequest(null, Object(Config\Cache), false)
 5 FCPATH\index.php(79): CodeIgniter\CodeIgniter->run()
CRITICAL - 2024-07-31 23:52:34 --> Method Illuminate\Support\Collection::getChat does not exist.
in VENDORPATH\illuminate\macroable\Traits\Macroable.php on line 112.
 1 APPPATH\Controllers\Telegram.php(50): Illuminate\Support\Collection->__call('getChat', [])
 2 SYSTEMPATH\CodeIgniter.php(942): App\Controllers\Telegram->webhook()
 3 SYSTEMPATH\CodeIgniter.php(502): CodeIgniter\CodeIgniter->runController(Object(App\Controllers\Telegram))
 4 SYSTEMPATH\CodeIgniter.php(361): CodeIgniter\CodeIgniter->handleRequest(null, Object(Config\Cache), false)
 5 FCPATH\index.php(79): CodeIgniter\CodeIgniter->run()
CRITICAL - 2024-07-31 23:53:46 --> Method Illuminate\Support\Collection::getChat does not exist.
in VENDORPATH\illuminate\macroable\Traits\Macroable.php on line 112.
 1 APPPATH\Controllers\Telegram.php(50): Illuminate\Support\Collection->__call('getChat', [])
 2 SYSTEMPATH\CodeIgniter.php(942): App\Controllers\Telegram->webhook()
 3 SYSTEMPATH\CodeIgniter.php(502): CodeIgniter\CodeIgniter->runController(Object(App\Controllers\Telegram))
 4 SYSTEMPATH\CodeIgniter.php(361): CodeIgniter\CodeIgniter->handleRequest(null, Object(Config\Cache), false)
 5 FCPATH\index.php(79): CodeIgniter\CodeIgniter->run()
CRITICAL - 2024-07-31 23:55:07 --> Method Illuminate\Support\Collection::getChat does not exist.
in VENDORPATH\illuminate\macroable\Traits\Macroable.php on line 112.
 1 APPPATH\Controllers\Telegram.php(50): Illuminate\Support\Collection->__call('getChat', [])
 2 SYSTEMPATH\CodeIgniter.php(942): App\Controllers\Telegram->webhook()
 3 SYSTEMPATH\CodeIgniter.php(502): CodeIgniter\CodeIgniter->runController(Object(App\Controllers\Telegram))
 4 SYSTEMPATH\CodeIgniter.php(361): CodeIgniter\CodeIgniter->handleRequest(null, Object(Config\Cache), false)
 5 FCPATH\index.php(79): CodeIgniter\CodeIgniter->run()
CRITICAL - 2024-07-31 23:56:40 --> Method Illuminate\Support\Collection::getChat does not exist.
in VENDORPATH\illuminate\macroable\Traits\Macroable.php on line 112.
 1 APPPATH\Controllers\Telegram.php(50): Illuminate\Support\Collection->__call('getChat', [])
 2 SYSTEMPATH\CodeIgniter.php(942): App\Controllers\Telegram->webhook()
 3 SYSTEMPATH\CodeIgniter.php(502): CodeIgniter\CodeIgniter->runController(Object(App\Controllers\Telegram))
 4 SYSTEMPATH\CodeIgniter.php(361): CodeIgniter\CodeIgniter->handleRequest(null, Object(Config\Cache), false)
 5 FCPATH\index.php(79): CodeIgniter\CodeIgniter->run()
CRITICAL - 2024-07-31 23:58:34 --> Method Illuminate\Support\Collection::getChat does not exist.
in VENDORPATH\illuminate\macroable\Traits\Macroable.php on line 112.
 1 APPPATH\Controllers\Telegram.php(50): Illuminate\Support\Collection->__call('getChat', [])
 2 SYSTEMPATH\CodeIgniter.php(942): App\Controllers\Telegram->webhook()
 3 SYSTEMPATH\CodeIgniter.php(502): CodeIgniter\CodeIgniter->runController(Object(App\Controllers\Telegram))
 4 SYSTEMPATH\CodeIgniter.php(361): CodeIgniter\CodeIgniter->handleRequest(null, Object(Config\Cache), false)
 5 FCPATH\index.php(79): CodeIgniter\CodeIgniter->run()
